This is pdfTeX, Version 3.14159265-2.6-1.40.16 (TeX Live 2015/Debian) (preloaded format=pdflatex 2016.4.18)  8 JUN 2016 11:50
entering extended mode
 restricted \write18 enabled.
 %&-line parsing enabled.
**egpaper_final.tex
(./egpaper_final.tex
LaTeX2e <2016/02/01>
Babel <3.9q> and hyphenation patterns for 81 language(s) loaded.
(/usr/share/texlive/texmf-dist/tex/latex/base/article.cls
Document Class: article 2014/09/29 v1.4h Standard LaTeX document class
(/usr/share/texlive/texmf-dist/tex/latex/base/size10.clo
File: size10.clo 2014/09/29 v1.4h Standard LaTeX file (size option)
)
\c@part=\count79
\c@section=\count80
\c@subsection=\count81
\c@subsubsection=\count82
\c@paragraph=\count83
\c@subparagraph=\count84
\c@figure=\count85
\c@table=\count86
\abovecaptionskip=\skip41
\belowcaptionskip=\skip42
\bibindent=\dimen102
) (./cvpr.sty
(./eso-pic.sty
Package: eso-pic 2002/11/16 v1.1b eso-pic (RN)
 (./cvpr_eso.sty

LaTeX Warning: You have requested package `eso-pic',
               but the package provides `everyshi'.

Package: everyshi 2001/05/15 v3.00 EveryShipout Package (MS)
) (/usr/share/texlive/texmf-dist/tex/latex/graphics/keyval.sty
Package: keyval 2014/10/28 v1.15 key=value parser (DPC)
\KV@toks@=\toks14
))
(/usr/share/texlive/texmf-dist/tex/latex/tools/xspace.sty
Package: xspace 2014/10/28 v1.13 Space after command names (DPC,MH)
)
CVPR 8.5 x 11-Inch Proceedings Style `cvpr.sty'.
\@ctmp=\skip43
\@figindent=\skip44
\cvprrulerbox=\box26
\cvprrulercount=\count87
\cvprruleroffset=\dimen103
\cv@lineheight=\dimen104
\cv@boxheight=\dimen105
\cv@tmpbox=\box27
\cv@refno=\count88
\cv@tot=\count89
\cv@tmpc@=\count90
\cv@tmpc=\count91
) (/usr/share/texlive/texmf-dist/tex/latex/psnfss/times.sty
Package: times 2005/04/12 PSNFSS-v9.2a (SPQR) 
)
(/usr/share/texlive/texmf-dist/tex/latex/graphics/epsfig.sty
Package: epsfig 1999/02/16 v1.7a (e)psfig emulation (SPQR)

(/usr/share/texlive/texmf-dist/tex/latex/graphics/graphicx.sty
Package: graphicx 2014/10/28 v1.0g Enhanced LaTeX Graphics (DPC,SPQR)

(/usr/share/texlive/texmf-dist/tex/latex/graphics/graphics.sty
Package: graphics 2016/01/03 v1.0q Standard LaTeX Graphics (DPC,SPQR)

(/usr/share/texlive/texmf-dist/tex/latex/graphics/trig.sty
Package: trig 2016/01/03 v1.10 sin cos tan (DPC)
)
(/usr/share/texlive/texmf-dist/tex/latex/latexconfig/graphics.cfg
File: graphics.cfg 2010/04/23 v1.9 graphics configuration of TeX Live
)
Package graphics Info: Driver file: pdftex.def on input line 95.

(/usr/share/texlive/texmf-dist/tex/latex/pdftex-def/pdftex.def
File: pdftex.def 2011/05/27 v0.06d Graphics/color for pdfTeX

(/usr/share/texlive/texmf-dist/tex/generic/oberdiek/infwarerr.sty
Package: infwarerr 2010/04/08 v1.3 Providing info/warning/error messages (HO)
)
(/usr/share/texlive/texmf-dist/tex/generic/oberdiek/ltxcmds.sty
Package: ltxcmds 2011/11/09 v1.22 LaTeX kernel commands for general use (HO)
)
\Gread@gobject=\count92
))
\Gin@req@height=\dimen106
\Gin@req@width=\dimen107
)
\epsfxsize=\dimen108
\epsfysize=\dimen109
)
(/usr/share/texlive/texmf-dist/tex/latex/amsmath/amsmath.sty
Package: amsmath 2016/03/03 v2.15a AMS math features
\@mathmargin=\skip45

For additional information on amsmath, use the `?' option.
(/usr/share/texlive/texmf-dist/tex/latex/amsmath/amstext.sty
Package: amstext 2000/06/29 v2.01 AMS text

(/usr/share/texlive/texmf-dist/tex/latex/amsmath/amsgen.sty
File: amsgen.sty 1999/11/30 v2.0 generic functions
\@emptytoks=\toks15
\ex@=\dimen110
))
(/usr/share/texlive/texmf-dist/tex/latex/amsmath/amsbsy.sty
Package: amsbsy 1999/11/29 v1.2d Bold Symbols
\pmbraise@=\dimen111
)
(/usr/share/texlive/texmf-dist/tex/latex/amsmath/amsopn.sty
Package: amsopn 1999/12/14 v2.01 operator names
)
\inf@bad=\count93
LaTeX Info: Redefining \frac on input line 199.
\uproot@=\count94
\leftroot@=\count95
LaTeX Info: Redefining \overline on input line 297.
\classnum@=\count96
\DOTSCASE@=\count97
LaTeX Info: Redefining \ldots on input line 394.
LaTeX Info: Redefining \dots on input line 397.
LaTeX Info: Redefining \cdots on input line 518.
\Mathstrutbox@=\box28
\strutbox@=\box29
\big@size=\dimen112
LaTeX Font Info:    Redeclaring font encoding OML on input line 630.
LaTeX Font Info:    Redeclaring font encoding OMS on input line 631.
\macc@depth=\count98
\c@MaxMatrixCols=\count99
\dotsspace@=\muskip10
\c@parentequation=\count100
\dspbrk@lvl=\count101
\tag@help=\toks16
\row@=\count102
\column@=\count103
\maxfields@=\count104
\andhelp@=\toks17
\eqnshift@=\dimen113
\alignsep@=\dimen114
\tagshift@=\dimen115
\tagwidth@=\dimen116
\totwidth@=\dimen117
\lineht@=\dimen118
\@envbody=\toks18
\multlinegap=\skip46
\multlinetaggap=\skip47
\mathdisplay@stack=\toks19
LaTeX Info: Redefining \[ on input line 2735.
LaTeX Info: Redefining \] on input line 2736.
)
(/usr/share/texlive/texmf-dist/tex/latex/amsfonts/amssymb.sty
Package: amssymb 2013/01/14 v3.01 AMS font symbols

(/usr/share/texlive/texmf-dist/tex/latex/amsfonts/amsfonts.sty
Package: amsfonts 2013/01/14 v3.01 Basic AMSFonts support
\symAMSa=\mathgroup4
\symAMSb=\mathgroup5
LaTeX Font Info:    Overwriting math alphabet `\mathfrak' in version `bold'
(Font)                  U/euf/m/n --> U/euf/b/n on input line 106.
))
(/usr/share/texlive/texmf-dist/tex/latex/enumitem/enumitem.sty
Package: enumitem 2011/09/28 v3.5.2 Customized lists
\labelindent=\skip48
\enit@outerparindent=\dimen119
\enit@toks=\toks20
\enit@inbox=\box30
\enitdp@description=\count105
)
(/usr/share/texlive/texmf-dist/tex/latex/multirow/multirow.sty
\bigstrutjot=\dimen120
)
(/usr/share/texlive/texmf-dist/tex/latex/biblatex/biblatex.sty
Package: biblatex 2016/03/03 v3.3 programmable bibliographies (PK/JW/AB)


Package biblatex Warning: No "backend" specified, using Biber backend.
(biblatex)                To use BibTeX, load biblatex with 
(biblatex)                the "backend=bibtex" option.

(/usr/share/texlive/texmf-dist/tex/latex/biblatex/biblatex_.sty
Package: biblatex_ 2016/03/03 v3.3 programmable bibliographies (biber) (PK/JW/A
B)

(/usr/share/texlive/texmf-dist/tex/latex/etoolbox/etoolbox.sty
Package: etoolbox 2015/08/02 v2.2a e-TeX tools for LaTeX (JAW)
\etb@tempcnta=\count106
)
(/usr/share/texlive/texmf-dist/tex/latex/oberdiek/kvoptions.sty
Package: kvoptions 2011/06/30 v3.11 Key value format for package options (HO)

(/usr/share/texlive/texmf-dist/tex/generic/oberdiek/kvsetkeys.sty
Package: kvsetkeys 2012/04/25 v1.16 Key value parser (HO)

(/usr/share/texlive/texmf-dist/tex/generic/oberdiek/etexcmds.sty
Package: etexcmds 2011/02/16 v1.5 Avoid name clashes with e-TeX commands (HO)

(/usr/share/texlive/texmf-dist/tex/generic/oberdiek/ifluatex.sty
Package: ifluatex 2010/03/01 v1.3 Provides the ifluatex switch (HO)
Package ifluatex Info: LuaTeX not detected.
)
Package etexcmds Info: Could not find \expanded.
(etexcmds)             That can mean that you are not using pdfTeX 1.50 or
(etexcmds)             that some package has redefined \expanded.
(etexcmds)             In the latter case, load this package earlier.
)))
(/usr/share/texlive/texmf-dist/tex/latex/logreq/logreq.sty
Package: logreq 2010/08/04 v1.0 xml request logger
\lrq@indent=\count107

(/usr/share/texlive/texmf-dist/tex/latex/logreq/logreq.def
File: logreq.def 2010/08/04 v1.0 logreq spec v1.0
))
(/usr/share/texlive/texmf-dist/tex/latex/base/ifthen.sty
Package: ifthen 2014/09/29 v1.1c Standard LaTeX ifthen package (DPC)
)
(/usr/share/texlive/texmf-dist/tex/latex/url/url.sty
\Urlmuskip=\muskip11
Package: url 2013/09/16  ver 3.4  Verb mode for urls, etc.
)
\c@tabx@nest=\count108
\c@listtotal=\count109
\c@listcount=\count110
\c@liststart=\count111
\c@liststop=\count112
\c@citecount=\count113
\c@citetotal=\count114
\c@multicitecount=\count115
\c@multicitetotal=\count116
\c@instcount=\count117
\c@maxnames=\count118
\c@minnames=\count119
\c@maxitems=\count120
\c@minitems=\count121
\c@citecounter=\count122
\c@savedcitecounter=\count123
\c@uniquelist=\count124
\c@uniquename=\count125
\c@refsection=\count126
\c@refsegment=\count127
\c@maxextratitle=\count128
\c@maxextratitleyear=\count129
\c@maxextrayear=\count130
\c@maxextraalpha=\count131
\c@abbrvpenalty=\count132
\c@highnamepenalty=\count133
\c@lownamepenalty=\count134
\c@maxparens=\count135
\c@parenlevel=\count136
\blx@tempcnta=\count137
\blx@tempcntb=\count138
\blx@tempcntc=\count139
\blx@maxsection=\count140
\blx@maxsegment@0=\count141
\blx@notetype=\count142
\blx@parenlevel@text=\count143
\blx@parenlevel@foot=\count144
\blx@sectionciteorder@0=\count145
\labelnumberwidth=\skip49
\labelalphawidth=\skip50
\biblabelsep=\skip51
\bibitemsep=\skip52
\bibnamesep=\skip53
\bibinitsep=\skip54
\bibparsep=\skip55
\bibhang=\skip56
\blx@bcfin=\read1
\blx@bcfout=\write3
\c@mincomprange=\count146
\c@maxcomprange=\count147
\c@mincompwidth=\count148
Package biblatex Info: Trying to load biblatex default data model...
Package biblatex Info: ... file 'blx-dm.def' found.

(/usr/share/texlive/texmf-dist/tex/latex/biblatex/blx-dm.def)
Package biblatex Info: Trying to load biblatex style data model...
Package biblatex Info: ... file 'ieee.dbx' not found.
Package biblatex Info: Trying to load biblatex custom data model...
Package biblatex Info: ... file 'biblatex-dm.cfg' not found.
\c@afterword=\count149
\c@savedafterword=\count150
\c@annotator=\count151
\c@savedannotator=\count152
\c@author=\count153
\c@savedauthor=\count154
\c@bookauthor=\count155
\c@savedbookauthor=\count156
\c@commentator=\count157
\c@savedcommentator=\count158
\c@editor=\count159
\c@savededitor=\count160
\c@editora=\count161
\c@savededitora=\count162
\c@editorb=\count163
\c@savededitorb=\count164
\c@editorc=\count165
\c@savededitorc=\count166
\c@foreword=\count167
\c@savedforeword=\count168
\c@holder=\count169
\c@savedholder=\count170
\c@introduction=\count171
\c@savedintroduction=\count172
\c@namea=\count173
\c@savednamea=\count174
\c@nameb=\count175
\c@savednameb=\count176
\c@namec=\count177
\c@savednamec=\count178
\c@translator=\count179
\c@savedtranslator=\count180
\c@shortauthor=\count181
\c@savedshortauthor=\count182
\c@shorteditor=\count183
\c@savedshorteditor=\count184
\c@labelname=\count185
\c@savedlabelname=\count186
\c@institution=\count187
\c@savedinstitution=\count188
\c@lista=\count189
\c@savedlista=\count190
\c@listb=\count191
\c@savedlistb=\count192
\c@listc=\count193
\c@savedlistc=\count194
\c@listd=\count195
\c@savedlistd=\count196
\c@liste=\count197
\c@savedliste=\count198
\c@listf=\count199
\c@savedlistf=\count266
\c@location=\count267
\c@savedlocation=\count268
\c@organization=\count269
\c@savedorganization=\count270
\c@origlocation=\count271
\c@savedoriglocation=\count272
\c@origpublisher=\count273
\c@savedorigpublisher=\count274
\c@publisher=\count275
\c@savedpublisher=\count276
\c@language=\count277
\c@savedlanguage=\count278
\c@pageref=\count279
\c@savedpageref=\count280
\shorthandwidth=\skip57
\shortjournalwidth=\skip58
\shortserieswidth=\skip59
\shorttitlewidth=\skip60
\shortauthorwidth=\skip61
\shorteditorwidth=\skip62
Package biblatex Info: Trying to load compatibility code...
Package biblatex Info: ... file 'blx-compat.def' found.

(/usr/share/texlive/texmf-dist/tex/latex/biblatex/blx-compat.def
File: blx-compat.def 2016/03/03 v3.3 biblatex compatibility (PK/JW/AB)
)
Package biblatex Info: Trying to load generic definitions...
Package biblatex Info: ... file 'biblatex_.def' found.

(/usr/share/texlive/texmf-dist/tex/latex/biblatex/biblatex_.def
File: biblatex_.def 
\c@textcitecount=\count281
\c@textcitetotal=\count282
\c@textcitemaxnames=\count283
\c@biburlnumpenalty=\count284
\c@biburlucpenalty=\count285
\c@biburllcpenalty=\count286
\c@smartand=\count287
)
Package biblatex Info: Trying to load bibliography style 'ieee'...
Package biblatex Info: ... file 'ieee.bbx' found.

(/usr/share/texlive/texmf-dist/tex/latex/biblatex-ieee/ieee.bbx
File: ieee.bbx 2015/03/12 v1.1k biblatex bibliography style
Package biblatex Info: Trying to load bibliography style 'numeric-comp'...
Package biblatex Info: ... file 'numeric-comp.bbx' found.

(/usr/share/texlive/texmf-dist/tex/latex/biblatex/bbx/numeric-comp.bbx
File: numeric-comp.bbx 2016/03/03 v3.3 biblatex bibliography style (PK/JW/AB)
Package biblatex Info: Trying to load bibliography style 'numeric'...
Package biblatex Info: ... file 'numeric.bbx' found.

(/usr/share/texlive/texmf-dist/tex/latex/biblatex/bbx/numeric.bbx
File: numeric.bbx 2016/03/03 v3.3 biblatex bibliography style (PK/JW/AB)
Package biblatex Info: Trying to load bibliography style 'standard'...
Package biblatex Info: ... file 'standard.bbx' found.

(/usr/share/texlive/texmf-dist/tex/latex/biblatex/bbx/standard.bbx
File: standard.bbx 2016/03/03 v3.3 biblatex bibliography style (PK/JW/AB)
\c@bbx:relatedcount=\count288
\c@bbx:relatedtotal=\count289
)))

Package biblatex Warning: 'firstinits' option is deprecated, use 'giveninits' i
nstead.

)
Package biblatex Info: Trying to load citation style 'ieee'...
Package biblatex Info: ... file 'ieee.cbx' found.
 (/usr/share/texlive/texmf-dist/tex/latex/biblatex-ieee/ieee.cbx
File: ieee.cbx 2015/03/12 v1.1k biblatex citation style
Package biblatex Info: Trying to load citation style 'numeric-comp'...
Package biblatex Info: ... file 'numeric-comp.cbx' found.

(/usr/share/texlive/texmf-dist/tex/latex/biblatex/cbx/numeric-comp.cbx
File: numeric-comp.cbx 2016/03/03 v3.3 biblatex citation style (PK/JW/AB)
\c@cbx@tempcnta=\count290
\c@cbx@tempcntb=\count291
Package biblatex Info: Redefining '\cite'.
Package biblatex Info: Redefining '\parencite'.
Package biblatex Info: Redefining '\footcite'.
Package biblatex Info: Redefining '\footcitetext'.
Package biblatex Info: Redefining '\smartcite'.
Package biblatex Info: Redefining '\supercite'.
Package biblatex Info: Redefining '\textcite'.
Package biblatex Info: Redefining '\textcites'.
Package biblatex Info: Redefining '\cites'.
Package biblatex Info: Redefining '\parencites'.
Package biblatex Info: Redefining '\smartcites'.
)
Package biblatex Info: Redefining '\cite'.
Package biblatex Info: Redefining '\cites'.
)
Package biblatex Info: Trying to load configuration file...
Package biblatex Info: ... file 'biblatex.cfg' found.

(/usr/share/texlive/texmf-dist/tex/latex/biblatex/biblatex.cfg
File: biblatex.cfg 
)))
(/usr/share/texlive/texmf-dist/tex/latex/hyperref/hyperref.sty
Package: hyperref 2012/11/06 v6.83m Hypertext links for LaTeX

(/usr/share/texlive/texmf-dist/tex/generic/oberdiek/hobsub-hyperref.sty
Package: hobsub-hyperref 2012/05/28 v1.13 Bundle oberdiek, subset hyperref (HO)


(/usr/share/texlive/texmf-dist/tex/generic/oberdiek/hobsub-generic.sty
Package: hobsub-generic 2012/05/28 v1.13 Bundle oberdiek, subset generic (HO)
Package: hobsub 2012/05/28 v1.13 Construct package bundles (HO)
Package hobsub Info: Skipping package `infwarerr' (already loaded).
Package hobsub Info: Skipping package `ltxcmds' (already loaded).
Package hobsub Info: Skipping package `ifluatex' (already loaded).
Package: ifvtex 2010/03/01 v1.5 Detect VTeX and its facilities (HO)
Package ifvtex Info: VTeX not detected.
Package: intcalc 2007/09/27 v1.1 Expandable calculations with integers (HO)
Package: ifpdf 2011/01/30 v2.3 Provides the ifpdf switch (HO)
Package ifpdf Info: pdfTeX in PDF mode is detected.
Package hobsub Info: Skipping package `etexcmds' (already loaded).
Package hobsub Info: Skipping package `kvsetkeys' (already loaded).
Package: kvdefinekeys 2011/04/07 v1.3 Define keys (HO)
Package: pdftexcmds 2011/11/29 v0.20 Utility functions of pdfTeX for LuaTeX (HO
)
Package pdftexcmds Info: LuaTeX not detected.
Package pdftexcmds Info: \pdf@primitive is available.
Package pdftexcmds Info: \pdf@ifprimitive is available.
Package pdftexcmds Info: \pdfdraftmode found.
Package: pdfescape 2011/11/25 v1.13 Implements pdfTeX's escape features (HO)
Package: bigintcalc 2012/04/08 v1.3 Expandable calculations on big integers (HO
)
Package: bitset 2011/01/30 v1.1 Handle bit-vector datatype (HO)
Package: uniquecounter 2011/01/30 v1.2 Provide unlimited unique counter (HO)
)
Package hobsub Info: Skipping package `hobsub' (already loaded).
Package: letltxmacro 2010/09/02 v1.4 Let assignment for LaTeX macros (HO)
Package: hopatch 2012/05/28 v1.2 Wrapper for package hooks (HO)
Package: xcolor-patch 2011/01/30 xcolor patch
Package: atveryend 2011/06/30 v1.8 Hooks at the very end of document (HO)
Package: atbegshi 2011/10/05 v1.16 At begin shipout hook (HO)
Package: refcount 2011/10/16 v3.4 Data extraction from label references (HO)
Package: hycolor 2011/01/30 v1.7 Color options for hyperref/bookmark (HO)
)
(/usr/share/texlive/texmf-dist/tex/generic/ifxetex/ifxetex.sty
Package: ifxetex 2010/09/12 v0.6 Provides ifxetex conditional
)
(/usr/share/texlive/texmf-dist/tex/latex/oberdiek/auxhook.sty
Package: auxhook 2011/03/04 v1.3 Hooks for auxiliary files (HO)
)
\@linkdim=\dimen121
\Hy@linkcounter=\count292
\Hy@pagecounter=\count293

(/usr/share/texlive/texmf-dist/tex/latex/hyperref/pd1enc.def
File: pd1enc.def 2012/11/06 v6.83m Hyperref: PDFDocEncoding definition (HO)
)
\Hy@SavedSpaceFactor=\count294

(/usr/share/texlive/texmf-dist/tex/latex/latexconfig/hyperref.cfg
File: hyperref.cfg 2002/06/06 v1.2 hyperref configuration of TeXLive
)
Package hyperref Info: Option `breaklinks' set `true' on input line 4319.
Package hyperref Info: Option `bookmarks' set `true' on input line 4319.
Package hyperref Info: Hyper figures OFF on input line 4443.
Package hyperref Info: Link nesting OFF on input line 4448.
Package hyperref Info: Hyper index ON on input line 4451.
Package hyperref Info: Plain pages OFF on input line 4458.
Package hyperref Info: Backreferencing OFF on input line 4463.
Package hyperref Info: Implicit mode ON; LaTeX internals redefined.
Package hyperref Info: Bookmarks ON on input line 4688.
\c@Hy@tempcnt=\count295
LaTeX Info: Redefining \url on input line 5041.
\XeTeXLinkMargin=\dimen122
\Fld@menulength=\count296
\Field@Width=\dimen123
\Fld@charsize=\dimen124
Package hyperref Info: Hyper figures OFF on input line 6295.
Package hyperref Info: Link nesting OFF on input line 6300.
Package hyperref Info: Hyper index ON on input line 6303.
Package hyperref Info: backreferencing OFF on input line 6310.
Package hyperref Info: Link coloring OFF on input line 6315.
Package hyperref Info: Link coloring with OCG OFF on input line 6320.
Package hyperref Info: PDF/A mode OFF on input line 6325.
LaTeX Info: Redefining \ref on input line 6365.
LaTeX Info: Redefining \pageref on input line 6369.
\Hy@abspage=\count297
\c@Item=\count298
\c@Hfootnote=\count299
)

Package hyperref Message: Driver (autodetected): hpdftex.

(/usr/share/texlive/texmf-dist/tex/latex/hyperref/hpdftex.def
File: hpdftex.def 2012/11/06 v6.83m Hyperref driver for pdfTeX
\Fld@listcount=\count300
\c@bookmark@seq@number=\count301

(/usr/share/texlive/texmf-dist/tex/latex/oberdiek/rerunfilecheck.sty
Package: rerunfilecheck 2011/04/15 v1.7 Rerun checks for auxiliary files (HO)
Package uniquecounter Info: New unique counter `rerunfilecheck' on input line 2
82.
)
\Hy@SectionHShift=\skip63
)
Package biblatex Info: Trying to load language 'english'...
Package biblatex Info: ... file 'english.lbx' found.

(/usr/share/texlive/texmf-dist/tex/latex/biblatex/lbx/english.lbx
File: english.lbx 2016/03/03 v3.3 biblatex localization (PK/JW/AB)
)
\@quotelevel=\count302
\@quotereset=\count303

(./egpaper_final.aux)
\openout1 = `egpaper_final.aux'.

LaTeX Font Info:    Checking defaults for OML/cmm/m/it on input line 29.
LaTeX Font Info:    ... okay on input line 29.
LaTeX Font Info:    Checking defaults for T1/cmr/m/n on input line 29.
LaTeX Font Info:    ... okay on input line 29.
LaTeX Font Info:    Checking defaults for OT1/cmr/m/n on input line 29.
LaTeX Font Info:    ... okay on input line 29.
LaTeX Font Info:    Checking defaults for OMS/cmsy/m/n on input line 29.
LaTeX Font Info:    ... okay on input line 29.
LaTeX Font Info:    Checking defaults for OMX/cmex/m/n on input line 29.
LaTeX Font Info:    ... okay on input line 29.
LaTeX Font Info:    Checking defaults for U/cmr/m/n on input line 29.
LaTeX Font Info:    ... okay on input line 29.
LaTeX Font Info:    Checking defaults for PD1/pdf/m/n on input line 29.
LaTeX Font Info:    ... okay on input line 29.
LaTeX Font Info:    Try loading font information for OT1+ptm on input line 29.
 (/usr/share/texlive/texmf-dist/tex/latex/psnfss/ot1ptm.fd
File: ot1ptm.fd 2001/06/04 font definitions for OT1/ptm.
) ABD: EveryShipout initializing macros
(/usr/share/texlive/texmf-dist/tex/latex/graphics/color.sty
Package: color 2016/01/03 v1.1b Standard LaTeX Color (DPC)

(/usr/share/texlive/texmf-dist/tex/latex/latexconfig/color.cfg
File: color.cfg 2007/01/18 v1.5 color configuration of teTeX/TeXLive
)
Package color Info: Driver file: pdftex.def on input line 143.
)
(/usr/share/texlive/texmf-dist/tex/context/base/supp-pdf.mkii
[Loading MPS to PDF converter (version 2006.09.02).]
\scratchcounter=\count304
\scratchdimen=\dimen125
\scratchbox=\box31
\nofMPsegments=\count305
\nofMParguments=\count306
\everyMPshowfont=\toks21
\MPscratchCnt=\count307
\MPscratchDim=\dimen126
\MPnumerator=\count308
\makeMPintoPDFobject=\count309
\everyMPtoPDFconversion=\toks22
) (/usr/share/texlive/texmf-dist/tex/latex/oberdiek/epstopdf-base.sty
Package: epstopdf-base 2010/02/09 v2.5 Base part for package epstopdf

(/usr/share/texlive/texmf-dist/tex/latex/oberdiek/grfext.sty
Package: grfext 2010/08/19 v1.1 Manage graphics extensions (HO)
)
Package grfext Info: Graphics extension search list:
(grfext)             [.png,.pdf,.jpg,.mps,.jpeg,.jbig2,.jb2,.PNG,.PDF,.JPG,.JPE
G,.JBIG2,.JB2,.eps]
(grfext)             \AppendGraphicsExtensions on input line 452.

(/usr/share/texlive/texmf-dist/tex/latex/latexconfig/epstopdf-sys.cfg
File: epstopdf-sys.cfg 2010/07/13 v1.3 Configuration of (r)epstopdf for TeX Liv
e
))
Package biblatex Info: No input encoding detected.
(biblatex)             Assuming 'ascii'.
Package biblatex Info: Automatic encoding selection.
(biblatex)             Assuming data encoding 'ascii'.
\openout3 = `egpaper_final.bcf'.

Package biblatex Info: Trying to load bibliographic data...
Package biblatex Info: ... file 'egpaper_final.bbl' found.

(./egpaper_final.bbl)
Package biblatex Info: Reference section=0 on input line 29.
Package biblatex Info: Reference segment=0 on input line 29.
\AtBeginShipoutBox=\box32
Package atbegshi Info: Package `everyshi' patched.
Package hyperref Info: Link coloring OFF on input line 29.

(/usr/share/texlive/texmf-dist/tex/latex/hyperref/nameref.sty
Package: nameref 2012/10/27 v2.43 Cross-referencing by name of section

(/usr/share/texlive/texmf-dist/tex/generic/oberdiek/gettitlestring.sty
Package: gettitlestring 2010/12/03 v1.4 Cleanup title references (HO)
)
\c@section@level=\count310
)
LaTeX Info: Redefining \ref on input line 29.
LaTeX Info: Redefining \pageref on input line 29.
LaTeX Info: Redefining \nameref on input line 29.

(./egpaper_final.out) (./egpaper_final.out)
\@outlinefile=\write4
\openout4 = `egpaper_final.out'.

LaTeX Font Info:    Font shape `OT1/ptm/bx/n' in size <14.4> not available
(Font)              Font shape `OT1/ptm/b/n' tried instead on input line 56.
LaTeX Font Info:    Try loading font information for U+msa on input line 56.

(/usr/share/texlive/texmf-dist/tex/latex/amsfonts/umsa.fd
File: umsa.fd 2013/01/14 v3.01 AMS symbols A
)
LaTeX Font Info:    Try loading font information for U+msb on input line 56.

(/usr/share/texlive/texmf-dist/tex/latex/amsfonts/umsb.fd
File: umsb.fd 2013/01/14 v3.01 AMS symbols B
)
LaTeX Font Info:    Try loading font information for OMS+ptm on input line 56.

(/usr/share/texlive/texmf-dist/tex/latex/psnfss/omsptm.fd
File: omsptm.fd 
)
LaTeX Font Info:    Font shape `OMS/ptm/m/n' in size <10> not available
(Font)              Font shape `OMS/cmsy/m/n' tried instead on input line 56.
LaTeX Font Info:    Font shape `OMS/ptm/m/n' in size <8> not available
(Font)              Font shape `OMS/cmsy/m/n' tried instead on input line 56.
LaTeX Font Info:    Try loading font information for OT1+pcr on input line 56.

(/usr/share/texlive/texmf-dist/tex/latex/psnfss/ot1pcr.fd
File: ot1pcr.fd 2001/06/04 font definitions for OT1/pcr.
)
LaTeX Font Info:    Font shape `OMS/ptm/m/n' in size <6> not available
(Font)              Font shape `OMS/cmsy/m/n' tried instead on input line 56.
LaTeX Font Info:    Font shape `OT1/ptm/bx/n' in size <12> not available
(Font)              Font shape `OT1/ptm/b/n' tried instead on input line 58.


Package hyperref Warning: Token not allowed in a PDF string (PDFDocEncoding):
(hyperref)                \kern -10.0pt
(hyperref)                removed on input line 76.


Package hyperref Warning: Token not allowed in a PDF string (PDFDocEncoding):
(hyperref)                \kern -10.0pt
(hyperref)                removed on input line 118.

[1{/var/lib/texmf/fonts/map/pdftex/updmap/pdftex.map}


]

Package hyperref Warning: Token not allowed in a PDF string (PDFDocEncoding):
(hyperref)                \kern -10.0pt
(hyperref)                removed on input line 141.


Package hyperref Warning: Token not allowed in a PDF string (PDFDocEncoding):
(hyperref)                \kern -10.0pt
(hyperref)                removed on input line 144.

<arch.png, id=118, 958.58125pt x 558.085pt>
File: arch.png Graphic file (type png)
 <use arch.png>
Package pdftex.def Info: arch.png used on input line 177.
(pdftex.def)             Requested size: 447.16759pt x 260.34138pt.

<../presentation/fig/cnn_unary.pdf, id=120, 779.91376pt x 113.42375pt>
File: ../presentation/fig/cnn_unary.pdf Graphic file (type pdf)

<use ../presentation/fig/cnn_unary.pdf>
Package pdftex.def Info: ../presentation/fig/cnn_unary.pdf used on input line 1
89.
(pdftex.def)             Requested size: 496.85625pt x 72.25864pt.
LaTeX Font Info:    Font shape `OT1/ptm/bx/n' in size <10> not available
(Font)              Font shape `OT1/ptm/b/n' tried instead on input line 200.
Missing character: There is no Ã in font ptmr7t!
Missing character: There is no — in font ptmr7t!

Underfull \hbox (badness 2573) in paragraph at lines 204--214
\OT1/ptm/m/n/10 Here $[]$ is the re-gressed depth of the su-per-pixel $\OML/cmm
/m/it/10 p$
 []

[2]

Package hyperref Warning: Token not allowed in a PDF string (PDFDocEncoding):
(hyperref)                \kern -10.0pt
(hyperref)                removed on input line 228.

Missing character: There is no â in font ptmr7t!
Missing character: There is no ˆ in font ptmr7t!
Missing character: There is no ¼ in font ptmr7t!

Package hyperref Warning: Token not allowed in a PDF string (PDFDocEncoding):
(hyperref)                \kern -10.0pt
(hyperref)                removed on input line 244.

LaTeX Font Info:    Font shape `OT1/ptm/bx/n' in size <9> not available
(Font)              Font shape `OT1/ptm/b/n' tried instead on input line 277.
<../learntd.png, id=151, 687.56876pt x 615.29875pt>
File: ../learntd.png Graphic file (type png)
 <use ../learntd.png>
Package pdftex.def Info: ../learntd.png used on input line 283.
(pdftex.def)             Requested size: 237.13594pt x 212.20319pt.


Package hyperref Warning: Token not allowed in a PDF string (PDFDocEncoding):
(hyperref)                \kern -10.0pt
(hyperref)                removed on input line 289.


Underfull \vbox (badness 4217) has occurred while \output is active []

 [3 <./arch.png> <../presentation/fig/cnn_unary.pdf>]

Package hyperref Warning: Token not allowed in a PDF string (PDFDocEncoding):
(hyperref)                \kern -10.0pt
(hyperref)                removed on input line 302.


Underfull \hbox (badness 3690) in paragraph at lines 306--308
[]\OT1/ptm/m/n/10 resize CI-FAR10 tiny im-age(32x32x3) to nor-mal
 []

<../dataset.png, id=210, 897.3525pt x 477.785pt>
File: ../dataset.png Graphic file (type png)
 <use ../dataset.png>
Package pdftex.def Info: ../dataset.png used on input line 315.
(pdftex.def)             Requested size: 237.13594pt x 126.25519pt.

<../tiny.png, id=212, 910.40125pt x 744.7825pt>
File: ../tiny.png Graphic file (type png)
 <use ../tiny.png>
Package pdftex.def Info: ../tiny.png used on input line 328.
(pdftex.def)             Requested size: 237.13594pt x 193.99118pt.


Package hyperref Warning: Token not allowed in a PDF string (PDFDocEncoding):
(hyperref)                \kern -10.0pt
(hyperref)                removed on input line 333.

<../Tarch.png, id=214, 712.6625pt x 439.6425pt>
File: ../Tarch.png Graphic file (type png)
 <use ../Tarch.png>
Package pdftex.def Info: ../Tarch.png used on input line 338.
(pdftex.def)             Requested size: 237.13594pt x 146.28998pt.
 [4 <../learntd.png> <../dataset.png> <../tiny.png>]

Package hyperref Warning: Token not allowed in a PDF string (PDFDocEncoding):
(hyperref)                \kern -10.0pt
(hyperref)                removed on input line 363.

Package epstopdf Info: Source file: <../presentation/train.eps>
(epstopdf)                    date: 2016-05-22 11:21:35
(epstopdf)                    size: 35525 bytes
(epstopdf)             Output file: <../presentation/train-eps-converted-to.pdf
>
(epstopdf)                    date: 2016-05-23 00:54:34
(epstopdf)                    size: 17097 bytes
(epstopdf)             Command: <repstopdf --outfile=../presentation/train-eps-
converted-to.pdf ../presentation/train.eps>
(epstopdf)             \includegraphics on input line 375.
Package epstopdf Info: Output file is already uptodate.
<../presentation/train-eps-converted-to.pdf, id=230, 578.16pt x 433.62pt>
File: ../presentation/train-eps-converted-to.pdf Graphic file (type pdf)

<use ../presentation/train-eps-converted-to.pdf>
Package pdftex.def Info: ../presentation/train-eps-converted-to.pdf used on inp
ut line 375.
(pdftex.def)             Requested size: 237.13594pt x 177.85152pt.
Package epstopdf Info: Source file: <../presentation/test.eps>
(epstopdf)                    date: 2016-05-22 11:21:40
(epstopdf)                    size: 33367 bytes
(epstopdf)             Output file: <../presentation/test-eps-converted-to.pdf>

(epstopdf)                    date: 2016-05-23 00:55:23
(epstopdf)                    size: 17429 bytes
(epstopdf)             Command: <repstopdf --outfile=../presentation/test-eps-c
onverted-to.pdf ../presentation/test.eps>
(epstopdf)             \includegraphics on input line 380.
Package epstopdf Info: Output file is already uptodate.

<../presentation/test-eps-converted-to.pdf, id=231, 578.16pt x 433.62pt>
File: ../presentation/test-eps-converted-to.pdf Graphic file (type pdf)

<use ../presentation/test-eps-converted-to.pdf>
Package pdftex.def Info: ../presentation/test-eps-converted-to.pdf used on inpu
t line 380.
(pdftex.def)             Requested size: 237.13594pt x 177.85152pt.
Package epstopdf Info: Source file: <../presentation/together_train.eps>
(epstopdf)                    date: 2016-05-23 01:08:58
(epstopdf)                    size: 28588 bytes
(epstopdf)             Output file: <../presentation/together_train-eps-convert
ed-to.pdf>
(epstopdf)                    date: 2016-05-23 01:11:15
(epstopdf)                    size: 16648 bytes
(epstopdf)             Command: <repstopdf --outfile=../presentation/together_t
rain-eps-converted-to.pdf ../presentation/together_train.eps>
(epstopdf)             \includegraphics on input line 394.
Package epstopdf Info: Output file is already uptodate.

<../presentation/together_train-eps-converted-to.pdf, id=234, 578.16pt x 433.62
pt>
File: ../presentation/together_train-eps-converted-to.pdf Graphic file (type pd
f)
 <use ../presentation/together_train-eps-converted-to.pdf>
Package pdftex.def Info: ../presentation/together_train-eps-converted-to.pdf us
ed on input line 394.
(pdftex.def)             Requested size: 237.13594pt x 177.85152pt.
Package epstopdf Info: Source file: <../presentation/together_test.eps>
(epstopdf)                    date: 2016-05-23 01:09:03
(epstopdf)                    size: 23700 bytes
(epstopdf)             Output file: <../presentation/together_test-eps-converte
d-to.pdf>
(epstopdf)                    date: 2016-05-23 01:11:51
(epstopdf)                    size: 13981 bytes
(epstopdf)             Command: <repstopdf --outfile=../presentation/together_t
est-eps-converted-to.pdf ../presentation/together_test.eps>
(epstopdf)             \includegraphics on input line 399.
Package epstopdf Info: Output file is already uptodate.

<../presentation/together_test-eps-converted-to.pdf, id=235, 578.16pt x 433.62p
t>
File: ../presentation/together_test-eps-converted-to.pdf Graphic file (type pdf
)
 <use ../presentation/together_test-eps-converted-to.pdf>
Package pdftex.def Info: ../presentation/together_test-eps-converted-to.pdf use
d on input line 399.
(pdftex.def)             Requested size: 237.13594pt x 177.85152pt.
 [5 <../Tarch.png> <../presentation/train-eps-converted-to.pdf> <../presentatio
n/test-eps-converted-to.pdf> <../presentation/together_train-eps-converted-to.p
df>]
<../presentation/test_conv.png, id=335, 602.25pt x 372.39125pt>
File: ../presentation/test_conv.png Graphic file (type png)

<use ../presentation/test_conv.png>
Package pdftex.def Info: ../presentation/test_conv.png used on input line 420.
(pdftex.def)             Requested size: 237.13594pt x 146.62982pt.

<../presentation/rgb_cnn.png, id=337, 602.25pt x 372.39125pt>
File: ../presentation/rgb_cnn.png Graphic file (type png)

<use ../presentation/rgb_cnn.png>
Package pdftex.def Info: ../presentation/rgb_cnn.png used on input line 426.
(pdftex.def)             Requested size: 237.13594pt x 146.62982pt.

<../presentation/rgbd_cnn.png, id=338, 602.25pt x 372.39125pt>
File: ../presentation/rgbd_cnn.png Graphic file (type png)

<use ../presentation/rgbd_cnn.png>
Package pdftex.def Info: ../presentation/rgbd_cnn.png used on input line 432.
(pdftex.def)             Requested size: 237.13594pt x 146.62982pt.


Package hyperref Warning: Token not allowed in a PDF string (PDFDocEncoding):
(hyperref)                \kern -10.0pt
(hyperref)                removed on input line 437.


Package hyperref Warning: Token not allowed in a PDF string (PDFDocEncoding):
(hyperref)                \kern -10.0pt
(hyperref)                removed on input line 438.


Package hyperref Warning: Token not allowed in a PDF string (PDFDocEncoding):
(hyperref)                \kern -10.0pt
(hyperref)                removed on input line 447.


Underfull \vbox (badness 10000) has occurred while \output is active []

 [6 <../presentation/together_test-eps-converted-to.pdf> <../presentation/test_
conv.png> <../presentation/rgb_cnn.png> <../presentation/rgbd_cnn.png>]

Package hyperref Warning: Token not allowed in a PDF string (PDFDocEncoding):
(hyperref)                \kern -10.0pt
(hyperref)                removed on input line 454.


Underfull \hbox (badness 10000) in paragraph at lines 455--456
\OT1/ptm/m/n/10 truth) vs RGBD(estimated). It is pos-si-ble that
 []


Underfull \hbox (badness 10000) in paragraph at lines 455--456
\OT1/ptm/m/n/10 RGBD(estimated) can achieve bet-ter re-sult than
 []


Underfull \hbox (badness 6608) in paragraph at lines 455--456
\OT1/ptm/m/n/10 RGBD(groud-truth), since RGBD(estimated) are ob-
 []


Package hyperref Warning: Token not allowed in a PDF string (PDFDocEncoding):
(hyperref)                \kern -10.0pt
(hyperref)                removed on input line 458.


Underfull \hbox (badness 4621) in paragraph at lines 459--466
[]\OT1/ptm/m/n/10 We suc-cess-fully reim-ple-mented the state-of-the-art
 []


Underfull \hbox (badness 2005) in paragraph at lines 488--488
\OT1/ptm/m/n/10 gene Brevdo, Zhifeng Chen, Craig Citro, Greg
 []

[7]
Underfull \hbox (badness 2932) in paragraph at lines 488--488
[]\OT1/ptm/m/n/10 M. Liu, M. Salz-mann, and X. He, ``Discrete-
 []

Package atveryend Info: Empty hook `BeforeClearDocument' on input line 490.
[8

]
Package atveryend Info: Empty hook `AfterLastShipout' on input line 490.
 (./egpaper_final.aux)
Package atveryend Info: Executing hook `AtVeryEndDocument' on input line 490.
Package atveryend Info: Executing hook `AtEndAfterFileList' on input line 490.
Package rerunfilecheck Info: File `egpaper_final.out' has not changed.
(rerunfilecheck)             Checksum: 26376E8E346DC624AD7BF8AA70E07BA6;1395.
Package logreq Info: Writing requests to 'egpaper_final.run.xml'.
\openout1 = `egpaper_final.run.xml'.

 ) 
Here is how much of TeX's memory you used:
 12295 strings out of 493029
 199538 string characters out of 6136234
 623043 words of memory out of 5000000
 15555 multiletter control sequences out of 15000+600000
 30622 words of font info for 74 fonts, out of 8000000 for 9000
 1141 hyphenation exceptions out of 8191
 44i,13n,45p,1052b,1129s stack positions out of 5000i,500n,10000p,200000b,80000s
{/usr/share/texlive/texmf-dist/fonts/enc/dvips/base/8r.enc}</usr/share/texliv
e/texmf-dist/fonts/type1/public/amsfonts/cm/cmex10.pfb></usr/share/texlive/texm
f-dist/fonts/type1/public/amsfonts/cm/cmmi10.pfb></usr/share/texlive/texmf-dist
/fonts/type1/public/amsfonts/cm/cmmi7.pfb></usr/share/texlive/texmf-dist/fonts/
type1/public/amsfonts/cm/cmr10.pfb></usr/share/texlive/texmf-dist/fonts/type1/p
ublic/amsfonts/cm/cmr7.pfb></usr/share/texlive/texmf-dist/fonts/type1/public/am
sfonts/cm/cmsy10.pfb></usr/share/texlive/texmf-dist/fonts/type1/public/amsfonts
/cm/cmsy6.pfb></usr/share/texlive/texmf-dist/fonts/type1/public/amsfonts/cm/cms
y7.pfb></usr/share/texlive/texmf-dist/fonts/type1/public/amsfonts/cm/cmsy8.pfb>
</usr/share/texlive/texmf-dist/fonts/type1/urw/courier/ucrr8a.pfb></usr/share/t
exlive/texmf-dist/fonts/type1/urw/times/utmb8a.pfb></usr/share/texlive/texmf-di
st/fonts/type1/urw/times/utmr8a.pfb></usr/share/texlive/texmf-dist/fonts/type1/
urw/times/utmri8a.pfb>
Output written on egpaper_final.pdf (8 pages, 2171124 bytes).
PDF statistics:
 465 PDF objects out of 1000 (max. 8388607)
 314 compressed objects within 4 object streams
 81 named destinations out of 1000 (max. 500000)
 226 words of extra memory for PDF output out of 10000 (max. 10000000)

