This is pdfTeX, Version 3.14159265-2.6-1.40.16 (TeX Live 2015/Debian) (preloaded format=pdflatex 2016.4.18)  23 MAY 2016 18:52
entering extended mode
 restricted \write18 enabled.
 %&-line parsing enabled.
**draft.tex
(./draft.tex
LaTeX2e <2016/02/01>
Babel <3.9q> and hyphenation patterns for 81 language(s) loaded.
(/usr/share/texlive/texmf-dist/tex/latex/base/article.cls
Document Class: article 2014/09/29 v1.4h Standard LaTeX document class
(/usr/share/texlive/texmf-dist/tex/latex/base/size10.clo
File: size10.clo 2014/09/29 v1.4h Standard LaTeX file (size option)
)
\c@part=\count79
\c@section=\count80
\c@subsection=\count81
\c@subsubsection=\count82
\c@paragraph=\count83
\c@subparagraph=\count84
\c@figure=\count85
\c@table=\count86
\abovecaptionskip=\skip41
\belowcaptionskip=\skip42
\bibindent=\dimen102
) (./cvpr.sty
(/usr/share/texlive/texmf-dist/tex/latex/eso-pic/eso-pic.sty
Package: eso-pic 2015/07/21 v2.0g eso-pic (RN)

(/usr/share/texlive/texmf-dist/tex/generic/oberdiek/atbegshi.sty
Package: atbegshi 2011/10/05 v1.16 At begin shipout hook (HO)

(/usr/share/texlive/texmf-dist/tex/generic/oberdiek/infwarerr.sty
Package: infwarerr 2010/04/08 v1.3 Providing info/warning/error messages (HO)
)
(/usr/share/texlive/texmf-dist/tex/generic/oberdiek/ltxcmds.sty
Package: ltxcmds 2011/11/09 v1.22 LaTeX kernel commands for general use (HO)
)
(/usr/share/texlive/texmf-dist/tex/generic/oberdiek/ifpdf.sty
Package: ifpdf 2011/01/30 v2.3 Provides the ifpdf switch (HO)
Package ifpdf Info: pdfTeX in PDF mode is detected.
))
(/usr/share/texlive/texmf-dist/tex/latex/graphics/keyval.sty
Package: keyval 2014/10/28 v1.15 key=value parser (DPC)
\KV@toks@=\toks14
)
(/usr/share/texmf/tex/latex/xcolor/xcolor.sty
Package: xcolor 2007/01/21 v2.11 LaTeX color extensions (UK)

(/usr/share/texlive/texmf-dist/tex/latex/latexconfig/color.cfg
File: color.cfg 2007/01/18 v1.5 color configuration of teTeX/TeXLive
)
Package xcolor Info: Driver file: pdftex.def on input line 225.

(/usr/share/texlive/texmf-dist/tex/latex/pdftex-def/pdftex.def
File: pdftex.def 2011/05/27 v0.06d Graphics/color for pdfTeX
\Gread@gobject=\count87
)
Package xcolor Info: Model `cmy' substituted by `cmy0' on input line 1337.
Package xcolor Info: Model `hsb' substituted by `rgb' on input line 1341.
Package xcolor Info: Model `RGB' extended on input line 1353.
Package xcolor Info: Model `HTML' substituted by `rgb' on input line 1355.
Package xcolor Info: Model `Hsb' substituted by `hsb' on input line 1356.
Package xcolor Info: Model `tHsb' substituted by `hsb' on input line 1357.
Package xcolor Info: Model `HSB' substituted by `hsb' on input line 1358.
Package xcolor Info: Model `Gray' substituted by `gray' on input line 1359.
Package xcolor Info: Model `wave' substituted by `hsb' on input line 1360.
))
(/usr/share/texlive/texmf-dist/tex/latex/tools/xspace.sty
Package: xspace 2014/10/28 v1.13 Space after command names (DPC,MH)
)
CVPR 8.5 x 11-Inch Proceedings Style `cvpr.sty'.
\@ctmp=\skip43
\@figindent=\skip44
\cvprrulerbox=\box26
\cvprrulercount=\count88
\cvprruleroffset=\dimen103
\cv@lineheight=\dimen104
\cv@boxheight=\dimen105
\cv@tmpbox=\box27
\cv@refno=\count89
\cv@tot=\count90
\cv@tmpc@=\count91
\cv@tmpc=\count92
) (/usr/share/texlive/texmf-dist/tex/latex/psnfss/times.sty
Package: times 2005/04/12 PSNFSS-v9.2a (SPQR) 
)
(/usr/share/texlive/texmf-dist/tex/latex/graphics/graphicx.sty
Package: graphicx 2014/10/28 v1.0g Enhanced LaTeX Graphics (DPC,SPQR)

(/usr/share/texlive/texmf-dist/tex/latex/graphics/graphics.sty
Package: graphics 2016/01/03 v1.0q Standard LaTeX Graphics (DPC,SPQR)

(/usr/share/texlive/texmf-dist/tex/latex/graphics/trig.sty
Package: trig 2016/01/03 v1.10 sin cos tan (DPC)
)
(/usr/share/texlive/texmf-dist/tex/latex/latexconfig/graphics.cfg
File: graphics.cfg 2010/04/23 v1.9 graphics configuration of TeX Live
)
Package graphics Info: Driver file: pdftex.def on input line 95.
)
\Gin@req@height=\dimen106
\Gin@req@width=\dimen107
)
(/usr/share/texlive/texmf-dist/tex/latex/oberdiek/epstopdf.sty
Package: epstopdf 2010/02/09 v2.5 Conversion with epstopdf on the fly (HO)

(/usr/share/texlive/texmf-dist/tex/latex/oberdiek/epstopdf-base.sty
Package: epstopdf-base 2010/02/09 v2.5 Base part for package epstopdf

(/usr/share/texlive/texmf-dist/tex/latex/oberdiek/grfext.sty
Package: grfext 2010/08/19 v1.1 Manage graphics extensions (HO)

(/usr/share/texlive/texmf-dist/tex/generic/oberdiek/kvdefinekeys.sty
Package: kvdefinekeys 2011/04/07 v1.3 Define keys (HO)
))
(/usr/share/texlive/texmf-dist/tex/latex/oberdiek/kvoptions.sty
Package: kvoptions 2011/06/30 v3.11 Key value format for package options (HO)

(/usr/share/texlive/texmf-dist/tex/generic/oberdiek/kvsetkeys.sty
Package: kvsetkeys 2012/04/25 v1.16 Key value parser (HO)

(/usr/share/texlive/texmf-dist/tex/generic/oberdiek/etexcmds.sty
Package: etexcmds 2011/02/16 v1.5 Avoid name clashes with e-TeX commands (HO)

(/usr/share/texlive/texmf-dist/tex/generic/oberdiek/ifluatex.sty
Package: ifluatex 2010/03/01 v1.3 Provides the ifluatex switch (HO)
Package ifluatex Info: LuaTeX not detected.
)
Package etexcmds Info: Could not find \expanded.
(etexcmds)             That can mean that you are not using pdfTeX 1.50 or
(etexcmds)             that some package has redefined \expanded.
(etexcmds)             In the latter case, load this package earlier.
)))
(/usr/share/texlive/texmf-dist/tex/generic/oberdiek/pdftexcmds.sty
Package: pdftexcmds 2011/11/29 v0.20 Utility functions of pdfTeX for LuaTeX (HO
)
Package pdftexcmds Info: LuaTeX not detected.
Package pdftexcmds Info: \pdf@primitive is available.
Package pdftexcmds Info: \pdf@ifprimitive is available.
Package pdftexcmds Info: \pdfdraftmode found.
)
Package grfext Info: Graphics extension search list:
(grfext)             [.png,.pdf,.jpg,.mps,.jpeg,.jbig2,.jb2,.PNG,.PDF,.JPG,.JPE
G,.JBIG2,.JB2,.eps]
(grfext)             \AppendGraphicsExtensions on input line 452.

(/usr/share/texlive/texmf-dist/tex/latex/latexconfig/epstopdf-sys.cfg
File: epstopdf-sys.cfg 2010/07/13 v1.3 Configuration of (r)epstopdf for TeX Liv
e
)))
(/usr/share/texlive/texmf-dist/tex/latex/amsmath/amsmath.sty
Package: amsmath 2016/03/03 v2.15a AMS math features
\@mathmargin=\skip45

For additional information on amsmath, use the `?' option.
(/usr/share/texlive/texmf-dist/tex/latex/amsmath/amstext.sty
Package: amstext 2000/06/29 v2.01 AMS text

(/usr/share/texlive/texmf-dist/tex/latex/amsmath/amsgen.sty
File: amsgen.sty 1999/11/30 v2.0 generic functions
\@emptytoks=\toks15
\ex@=\dimen108
))
(/usr/share/texlive/texmf-dist/tex/latex/amsmath/amsbsy.sty
Package: amsbsy 1999/11/29 v1.2d Bold Symbols
\pmbraise@=\dimen109
)
(/usr/share/texlive/texmf-dist/tex/latex/amsmath/amsopn.sty
Package: amsopn 1999/12/14 v2.01 operator names
)
\inf@bad=\count93
LaTeX Info: Redefining \frac on input line 199.
\uproot@=\count94
\leftroot@=\count95
LaTeX Info: Redefining \overline on input line 297.
\classnum@=\count96
\DOTSCASE@=\count97
LaTeX Info: Redefining \ldots on input line 394.
LaTeX Info: Redefining \dots on input line 397.
LaTeX Info: Redefining \cdots on input line 518.
\Mathstrutbox@=\box28
\strutbox@=\box29
\big@size=\dimen110
LaTeX Font Info:    Redeclaring font encoding OML on input line 630.
LaTeX Font Info:    Redeclaring font encoding OMS on input line 631.
\macc@depth=\count98
\c@MaxMatrixCols=\count99
\dotsspace@=\muskip10
\c@parentequation=\count100
\dspbrk@lvl=\count101
\tag@help=\toks16
\row@=\count102
\column@=\count103
\maxfields@=\count104
\andhelp@=\toks17
\eqnshift@=\dimen111
\alignsep@=\dimen112
\tagshift@=\dimen113
\tagwidth@=\dimen114
\totwidth@=\dimen115
\lineht@=\dimen116
\@envbody=\toks18
\multlinegap=\skip46
\multlinetaggap=\skip47
\mathdisplay@stack=\toks19
LaTeX Info: Redefining \[ on input line 2735.
LaTeX Info: Redefining \] on input line 2736.
)
(/usr/share/texlive/texmf-dist/tex/latex/amsfonts/eucal.sty
Package: eucal 2009/06/22 v3.00 Euler Script fonts
LaTeX Font Info:    Overwriting math alphabet `\EuScript' in version `bold'
(Font)                  U/eus/m/n --> U/eus/b/n on input line 33.
)
(/usr/share/texlive/texmf-dist/tex/latex/amsfonts/amssymb.sty
Package: amssymb 2013/01/14 v3.01 AMS font symbols

(/usr/share/texlive/texmf-dist/tex/latex/amsfonts/amsfonts.sty
Package: amsfonts 2013/01/14 v3.01 Basic AMSFonts support
\symAMSa=\mathgroup4
\symAMSb=\mathgroup5
LaTeX Font Info:    Overwriting math alphabet `\mathfrak' in version `bold'
(Font)                  U/euf/m/n --> U/euf/b/n on input line 106.
))
(./bibspacing.sty
\bibindent=\dimen117
\bibspacing=\dimen118
) (/usr/share/texlive/texmf-dist/tex/latex/url/url.sty
\Urlmuskip=\muskip11
Package: url 2013/09/16  ver 3.4  Verb mode for urls, etc.
)
(/usr/share/texlive/texmf-dist/tex/latex/caption/caption.sty
Package: caption 2016/02/21 v3.3-144 Customizing captions (AR)

(/usr/share/texlive/texmf-dist/tex/latex/caption/caption3.sty
Package: caption3 2016/02/04 v1.7-139 caption3 kernel (AR)
Package caption3 Info: TeX engine: e-TeX on input line 67.
\captionmargin=\dimen119
\captionmargin@=\dimen120
\captionwidth=\dimen121
\caption@tempdima=\dimen122
\caption@indent=\dimen123
\caption@parindent=\dimen124
\caption@hangindent=\dimen125
Package caption Info: Unknown document class (or package),
(caption)             standard defaults will be used.
)

Package caption Warning: Unsupported document class (or package) detected,
(caption)                usage of the caption package is not recommended.
See the caption package documentation for explanation.

Package caption Info: \@makecaption = \long macro:#1#2-> \setbox \@tempboxa \hb
ox {\small \noindent #1.~#2} \setlength {\@ctmp }{\hsize } \addtolength {\@ctmp
 }{-\@figindent }\addtolength {\@ctmp }{-\@figindent } \ifdim \wd \@tempboxa >\
@ctmp {\small #1.~#2\par } \else \hbox to\hsize {\hfil \box \@tempboxa \hfil } 
\fi .
\c@ContinuedFloat=\count105
) (/usr/share/texlive/texmf-dist/tex/latex/mdwtools/mdwtab.sty
Package: mdwtab 1998/04/28 1.9 Table typesetting with style
\tab@state=\count106
\tab@columns=\count107
\tab@preamble=\toks20
\tab@shortline=\toks21
\extrarowheight=\dimen126
\tabextrasep=\dimen127
\arrayextrasep=\dimen128
\smarraycolsep=\dimen129
\smarrayextrasep=\dimen130
\tab@width=\dimen131
\col@sep=\dimen132
\tab@endheight=\dimen133
\tab@leftskip=\skip48
\tab@rightskip=\skip49
\fn@notes=\box30
\fn@width=\dimen134
)
(/usr/share/texlive/texmf-dist/tex/latex/multirow/multirow.sty
\bigstrutjot=\dimen135
)
(/usr/share/texlive/texmf-dist/tex/latex/rotating/rotating.sty
Package: rotating 2009/03/28 v2.16a rotated objects in LaTeX

(/usr/share/texlive/texmf-dist/tex/latex/base/ifthen.sty
Package: ifthen 2014/09/29 v1.1c Standard LaTeX ifthen package (DPC)
)
\c@r@tfl@t=\count108
\rotFPtop=\skip50
\rotFPbot=\skip51
\rot@float@box=\box31
\rot@mess@toks=\toks22
)
(/usr/share/texlive/texmf-dist/tex/latex/subfigure/subfigure.sty
Package: subfigure 2002/03/15 v2.1.5 subfigure package
\subfigtopskip=\skip52
\subfigcapskip=\skip53
\subfigcaptopadj=\dimen136
\subfigbottomskip=\skip54
\subfigcapmargin=\dimen137
\subfiglabelskip=\skip55
\c@subfigure=\count109
\c@lofdepth=\count110
\c@subtable=\count111
\c@lotdepth=\count112

****************************************
* Local config file subfigure.cfg used *
****************************************
(/usr/share/texlive/texmf-dist/tex/latex/subfigure/subfigure.cfg)
\subfig@top=\skip56
\subfig@bottom=\skip57
)
(/usr/share/texlive/texmf-dist/tex/latex/cite/cite.sty
LaTeX Info: Redefining \cite on input line 302.
LaTeX Info: Redefining \nocite on input line 332.
Package: cite 2015/02/27  v 5.5
) (./algorithm2e.sty
Package: algorithm2e 2005/10/04 v3.9 algorithms environments
\c@AlgoLine=\count113

********************************************************
Package `algorithm2e' Release 3.9 -- october 04 2005 --
- algorithm2e-announce@lirmm.fr mailing list for announcement about releases
- algorithm2e-discussion@lirmm.fr mailing list for discussion about package
subscribe by emailing sympa@lirmm.fr with 'subscribe <list> <firstname name>'
- Author: Christophe Fiorio (fiorio@lirmm.fr)
********************************************************
\skiptotal=\skip58
\skiprule=\skip59
\skiphlne=\skip60
\skiptext=\skip61
\skiplength=\skip62
\algomargin=\skip63
\skipalgocfslide=\skip64
\algowidth=\dimen138
\inoutsize=\dimen139
\inoutline=\dimen140
\algocf@inoutbox=\box32
\algocf@inputbox=\box33
\AlCapSkip=\skip65
\AlCapHSkip=\skip66
\algocf@capbox=\box34
\c@algocfline=\count114
\c@algocf=\count115
\algocf@algoframe=\box35
\algocf@algobox=\box36
) (/usr/share/texlive/texmf-dist/tex/latex/algorithms/algorithm.sty
Package: algorithm 2009/08/24 v0.1 Document Style `algorithm' - floating enviro
nment

(/usr/share/texlive/texmf-dist/tex/latex/float/float.sty
Package: float 2001/11/08 v1.3d Float enhancements (AL)
\c@float@type=\count116
\float@exts=\toks23
\float@box=\box37
\@float@everytoks=\toks24
\@floatcapt=\box38
)
\@float@every@algorithm=\toks25
\c@algorithm=\count117
) (./draft.aux

LaTeX Warning: Label `eq:prob' multiply defined.


LaTeX Warning: Label `eq:feature' multiply defined.


LaTeX Warning: Label `eq:partition' multiply defined.


LaTeX Warning: Label `eq:def_R' multiply defined.


LaTeX Warning: Label `eq:feature_expand' multiply defined.


LaTeX Warning: Label `eq:log-likelihood' multiply defined.


LaTeX Warning: Label `eq:ccrf_final' multiply defined.


LaTeX Warning: Label `eq:derive_z' multiply defined.


LaTeX Warning: Label `eq:def_J' multiply defined.


LaTeX Warning: Label `eq:derive_beta_final' multiply defined.

)
\openout1 = `draft.aux'.

LaTeX Font Info:    Checking defaults for OML/cmm/m/it on input line 114.
LaTeX Font Info:    ... okay on input line 114.
LaTeX Font Info:    Checking defaults for T1/cmr/m/n on input line 114.
LaTeX Font Info:    ... okay on input line 114.
LaTeX Font Info:    Checking defaults for OT1/cmr/m/n on input line 114.
LaTeX Font Info:    ... okay on input line 114.
LaTeX Font Info:    Checking defaults for OMS/cmsy/m/n on input line 114.
LaTeX Font Info:    ... okay on input line 114.
LaTeX Font Info:    Checking defaults for OMX/cmex/m/n on input line 114.
LaTeX Font Info:    ... okay on input line 114.
LaTeX Font Info:    Checking defaults for U/cmr/m/n on input line 114.
LaTeX Font Info:    ... okay on input line 114.
LaTeX Font Info:    Try loading font information for OT1+ptm on input line 114.

 (/usr/share/texlive/texmf-dist/tex/latex/psnfss/ot1ptm.fd
File: ot1ptm.fd 2001/06/04 font definitions for OT1/ptm.
)
\AtBeginShipoutBox=\box39

(/usr/share/texlive/texmf-dist/tex/context/base/supp-pdf.mkii
[Loading MPS to PDF converter (version 2006.09.02).]
\scratchcounter=\count118
\scratchdimen=\dimen141
\scratchbox=\box40
\nofMPsegments=\count119
\nofMParguments=\count120
\everyMPshowfont=\toks26
\MPscratchCnt=\count121
\MPscratchDim=\dimen142
\MPnumerator=\count122
\makeMPintoPDFobject=\count123
\everyMPtoPDFconversion=\toks27
)
Package caption Info: Begin \AtBeginDocument code.
Package caption Info: float package is loaded.
Package caption Info: rotating package is loaded.
Package caption Info: subfigure package is loaded.
Package caption Info: End \AtBeginDocument code.
LaTeX Font Info:    Font shape `OT1/ptm/bx/n' in size <14.4> not available
(Font)              Font shape `OT1/ptm/b/n' tried instead on input line 136.
LaTeX Font Info:    Try loading font information for U+msa on input line 136.
 (/usr/share/texlive/texmf-dist/tex/latex/amsfonts/umsa.fd
File: umsa.fd 2013/01/14 v3.01 AMS symbols A
)
LaTeX Font Info:    Try loading font information for U+msb on input line 136.

(/usr/share/texlive/texmf-dist/tex/latex/amsfonts/umsb.fd
File: umsb.fd 2013/01/14 v3.01 AMS symbols B
)
LaTeX Font Info:    Try loading font information for OMS+ptm on input line 136.


(/usr/share/texlive/texmf-dist/tex/latex/psnfss/omsptm.fd
File: omsptm.fd 
)
LaTeX Font Info:    Font shape `OMS/ptm/m/n' in size <10> not available
(Font)              Font shape `OMS/cmsy/m/n' tried instead on input line 136.
LaTeX Font Info:    Font shape `OMS/ptm/m/n' in size <6> not available
(Font)              Font shape `OMS/cmsy/m/n' tried instead on input line 136.

Underfull \hbox (badness 1314) in paragraph at lines 136--136
[][]\OT1/ptm/m/n/8 This work is in part sup-ported by ARC Grants FT120100969,
 []

(./intro.tex
LaTeX Font Info:    Font shape `OT1/ptm/bx/n' in size <12> not available
(Font)              Font shape `OT1/ptm/b/n' tried instead on input line 1.

Underfull \vbox (badness 10000) has occurred while \output is active []

 [1{/var/lib/texmf/fonts/map/pdftex/updmap/pdftex.map}


]) (./relatedwork.tex) (./method.tex <./fig/cnn_network.pdf, id=13, 1511.6475pt
 x 865.2325pt>
File: ./fig/cnn_network.pdf Graphic file (type pdf)

<use ./fig/cnn_network.pdf>
Package pdftex.def Info: ./fig/cnn_network.pdf used on input line 4.
(pdftex.def)             Requested size: 437.23592pt x 250.26408pt.
LaTeX Font Info:    Font shape `OT1/ptm/bx/n' in size <9> not available
(Font)              Font shape `OT1/ptm/b/n' tried instead on input line 14.
 [2]
<./fig/cnn_unary.pdf, id=17, 779.91376pt x 113.42375pt>
File: ./fig/cnn_unary.pdf Graphic file (type pdf)

<use ./fig/cnn_unary.pdf>
Package pdftex.def Info: ./fig/cnn_unary.pdf used on input line 68.
(pdftex.def)             Requested size: 422.33084pt x 61.41924pt.
LaTeX Font Info:    Try loading font information for U+eus on input line 75.

(/usr/share/texlive/texmf-dist/tex/latex/amsfonts/ueus.fd
File: ueus.fd 2013/01/14 v3.01 Euler Script
) [3 <./fig/cnn_network.pdf>]
LaTeX Font Info:    Font shape `OT1/ptm/bx/n' in size <10> not available
(Font)              Font shape `OT1/ptm/b/n' tried instead on input line 119.

Underfull \hbox (badness 2617) in paragraph at lines 122--125
\OT1/ptm/m/n/10 Here $\OML/cmm/m/it/10 z[]$ \OT1/ptm/m/n/10 is the re-gressed d
epth of the su-per-pixel $\OML/cmm/m/it/10 p$
 []


Underfull \hbox (badness 1275) in paragraph at lines 173--178
[]\OT1/ptm/m/n/10 We con-sider $\OT1/cmr/m/n/10 3$ \OT1/ptm/m/n/10 types of pai
r-wise sim-i-lar-i-ties, mea-
 []

[4 <./fig/cnn_unary.pdf>]) [5] (./exp.tex
<./fig/NYUD2/images/3.jpg, id=139, 563.10374pt x 428.60126pt>
File: ./fig/NYUD2/images/3.jpg Graphic file (type jpg)

<use ./fig/NYUD2/images/3.jpg>
Package pdftex.def Info: ./fig/NYUD2/images/3.jpg used on input line 47.
(pdftex.def)             Requested size: 79.49881pt x 60.50734pt.

<./fig/NYUD2/images/5.jpg, id=140, 563.10374pt x 428.60126pt>
File: ./fig/NYUD2/images/5.jpg Graphic file (type jpg)

<use ./fig/NYUD2/images/5.jpg>
Package pdftex.def Info: ./fig/NYUD2/images/5.jpg used on input line 47.
(pdftex.def)             Requested size: 79.49881pt x 60.50734pt.

<./fig/NYUD2/images/6.jpg, id=141, 563.10374pt x 428.60126pt>
File: ./fig/NYUD2/images/6.jpg Graphic file (type jpg)

<use ./fig/NYUD2/images/6.jpg>
Package pdftex.def Info: ./fig/NYUD2/images/6.jpg used on input line 47.
(pdftex.def)             Requested size: 79.49881pt x 60.50734pt.

<./fig/NYUD2/images/7.jpg, id=142, 563.10374pt x 428.60126pt>
File: ./fig/NYUD2/images/7.jpg Graphic file (type jpg)

<use ./fig/NYUD2/images/7.jpg>
Package pdftex.def Info: ./fig/NYUD2/images/7.jpg used on input line 47.
(pdftex.def)             Requested size: 79.49881pt x 60.50734pt.

<./fig/NYUD2/images/8.jpg, id=143, 563.10374pt x 428.60126pt>
File: ./fig/NYUD2/images/8.jpg Graphic file (type jpg)

<use ./fig/NYUD2/images/8.jpg>
Package pdftex.def Info: ./fig/NYUD2/images/8.jpg used on input line 47.
(pdftex.def)             Requested size: 79.49881pt x 60.50734pt.

<./fig/NYUD2/images/11.jpg, id=144, 563.10374pt x 428.60126pt>
File: ./fig/NYUD2/images/11.jpg Graphic file (type jpg)

<use ./fig/NYUD2/images/11.jpg>
Package pdftex.def Info: ./fig/NYUD2/images/11.jpg used on input line 47.
(pdftex.def)             Requested size: 79.49881pt x 60.50734pt.

<./fig/NYUD2/gt/3.png, id=145, 563.10374pt x 428.60126pt>
File: ./fig/NYUD2/gt/3.png Graphic file (type png)

<use ./fig/NYUD2/gt/3.png>
Package pdftex.def Info: ./fig/NYUD2/gt/3.png used on input line 47.
(pdftex.def)             Requested size: 79.49881pt x 60.50734pt.

<./fig/NYUD2/gt/5.png, id=146, 563.10374pt x 428.60126pt>
File: ./fig/NYUD2/gt/5.png Graphic file (type png)

<use ./fig/NYUD2/gt/5.png>
Package pdftex.def Info: ./fig/NYUD2/gt/5.png used on input line 47.
(pdftex.def)             Requested size: 79.49881pt x 60.50734pt.

<./fig/NYUD2/gt/6.png, id=147, 563.10374pt x 428.60126pt>
File: ./fig/NYUD2/gt/6.png Graphic file (type png)

<use ./fig/NYUD2/gt/6.png>
Package pdftex.def Info: ./fig/NYUD2/gt/6.png used on input line 47.
(pdftex.def)             Requested size: 79.49881pt x 60.50734pt.

<./fig/NYUD2/gt/7.png, id=148, 563.10374pt x 428.60126pt>
File: ./fig/NYUD2/gt/7.png Graphic file (type png)

<use ./fig/NYUD2/gt/7.png>
Package pdftex.def Info: ./fig/NYUD2/gt/7.png used on input line 47.
(pdftex.def)             Requested size: 79.49881pt x 60.50734pt.

<./fig/NYUD2/gt/8.png, id=149, 563.10374pt x 428.60126pt>
File: ./fig/NYUD2/gt/8.png Graphic file (type png)

<use ./fig/NYUD2/gt/8.png>
Package pdftex.def Info: ./fig/NYUD2/gt/8.png used on input line 47.
(pdftex.def)             Requested size: 79.49881pt x 60.50734pt.

<./fig/NYUD2/gt/11.png, id=150, 563.10374pt x 428.60126pt>
File: ./fig/NYUD2/gt/11.png Graphic file (type png)

<use ./fig/NYUD2/gt/11.png>
Package pdftex.def Info: ./fig/NYUD2/gt/11.png used on input line 47.
(pdftex.def)             Requested size: 79.49881pt x 60.50734pt.

<./fig/NYUD2/nips14/3.png, id=151, 74.2775pt x 55.20625pt>
File: ./fig/NYUD2/nips14/3.png Graphic file (type png)

<use ./fig/NYUD2/nips14/3.png>
Package pdftex.def Info: ./fig/NYUD2/nips14/3.png used on input line 47.
(pdftex.def)             Requested size: 79.49881pt x 59.08946pt.

<./fig/NYUD2/nips14/5.png, id=152, 74.2775pt x 55.20625pt>
File: ./fig/NYUD2/nips14/5.png Graphic file (type png)

<use ./fig/NYUD2/nips14/5.png>
Package pdftex.def Info: ./fig/NYUD2/nips14/5.png used on input line 47.
(pdftex.def)             Requested size: 79.49881pt x 59.08946pt.

<./fig/NYUD2/nips14/6.png, id=153, 74.2775pt x 55.20625pt>
File: ./fig/NYUD2/nips14/6.png Graphic file (type png)

<use ./fig/NYUD2/nips14/6.png>
Package pdftex.def Info: ./fig/NYUD2/nips14/6.png used on input line 47.
(pdftex.def)             Requested size: 79.49881pt x 59.08946pt.

<./fig/NYUD2/nips14/7.png, id=154, 74.2775pt x 55.20625pt>
File: ./fig/NYUD2/nips14/7.png Graphic file (type png)

<use ./fig/NYUD2/nips14/7.png>
Package pdftex.def Info: ./fig/NYUD2/nips14/7.png used on input line 47.
(pdftex.def)             Requested size: 79.49881pt x 59.08946pt.

<./fig/NYUD2/nips14/8.png, id=155, 74.2775pt x 55.20625pt>
File: ./fig/NYUD2/nips14/8.png Graphic file (type png)

<use ./fig/NYUD2/nips14/8.png>
Package pdftex.def Info: ./fig/NYUD2/nips14/8.png used on input line 47.
(pdftex.def)             Requested size: 79.49881pt x 59.08946pt.

<./fig/NYUD2/nips14/11.png, id=156, 74.2775pt x 55.20625pt>
File: ./fig/NYUD2/nips14/11.png Graphic file (type png)

<use ./fig/NYUD2/nips14/11.png>
Package pdftex.def Info: ./fig/NYUD2/nips14/11.png used on input line 47.
(pdftex.def)             Requested size: 79.49881pt x 59.08946pt.

<./fig/NYUD2/ours_ft/3.png, id=157, 563.10374pt x 428.60126pt>
File: ./fig/NYUD2/ours_ft/3.png Graphic file (type png)

<use ./fig/NYUD2/ours_ft/3.png>
Package pdftex.def Info: ./fig/NYUD2/ours_ft/3.png used on input line 47.
(pdftex.def)             Requested size: 79.49881pt x 60.50734pt.

<./fig/NYUD2/ours_ft/5.png, id=158, 563.10374pt x 428.60126pt>
File: ./fig/NYUD2/ours_ft/5.png Graphic file (type png)

<use ./fig/NYUD2/ours_ft/5.png>
Package pdftex.def Info: ./fig/NYUD2/ours_ft/5.png used on input line 47.
(pdftex.def)             Requested size: 79.49881pt x 60.50734pt.

<./fig/NYUD2/ours_ft/6.png, id=159, 563.10374pt x 428.60126pt>
File: ./fig/NYUD2/ours_ft/6.png Graphic file (type png)

<use ./fig/NYUD2/ours_ft/6.png>
Package pdftex.def Info: ./fig/NYUD2/ours_ft/6.png used on input line 47.
(pdftex.def)             Requested size: 79.49881pt x 60.50734pt.

<./fig/NYUD2/ours_ft/7.png, id=160, 563.10374pt x 428.60126pt>
File: ./fig/NYUD2/ours_ft/7.png Graphic file (type png)

<use ./fig/NYUD2/ours_ft/7.png>
Package pdftex.def Info: ./fig/NYUD2/ours_ft/7.png used on input line 47.
(pdftex.def)             Requested size: 79.49881pt x 60.50734pt.

<./fig/NYUD2/ours_ft/8.png, id=161, 563.10374pt x 428.60126pt>
File: ./fig/NYUD2/ours_ft/8.png Graphic file (type png)

<use ./fig/NYUD2/ours_ft/8.png>
Package pdftex.def Info: ./fig/NYUD2/ours_ft/8.png used on input line 47.
(pdftex.def)             Requested size: 79.49881pt x 60.50734pt.

<./fig/NYUD2/ours_ft/11.png, id=162, 563.10374pt x 428.60126pt>
File: ./fig/NYUD2/ours_ft/11.png Graphic file (type png)

<use ./fig/NYUD2/ours_ft/11.png>
Package pdftex.def Info: ./fig/NYUD2/ours_ft/11.png used on input line 47.
(pdftex.def)             Requested size: 79.49881pt x 60.50734pt.

<./fig/Make3D/image/58.jpg, id=163, 346.29375pt x 461.725pt>
File: ./fig/Make3D/image/58.jpg Graphic file (type jpg)

<use ./fig/Make3D/image/58.jpg>
Package pdftex.def Info: ./fig/Make3D/image/58.jpg used on input line 267.
(pdftex.def)             Requested size: 59.62032pt x 79.49265pt.

<./fig/Make3D/image/60.jpg, id=164, 346.29375pt x 461.725pt>
File: ./fig/Make3D/image/60.jpg Graphic file (type jpg)

<use ./fig/Make3D/image/60.jpg>
Package pdftex.def Info: ./fig/Make3D/image/60.jpg used on input line 267.
(pdftex.def)             Requested size: 59.62032pt x 79.49265pt.

<./fig/Make3D/image/9.jpg, id=165, 346.29375pt x 461.725pt>
File: ./fig/Make3D/image/9.jpg Graphic file (type jpg)

<use ./fig/Make3D/image/9.jpg>
Package pdftex.def Info: ./fig/Make3D/image/9.jpg used on input line 267.
(pdftex.def)             Requested size: 59.62032pt x 79.49265pt.

<./fig/Make3D/image/8.jpg, id=166, 346.29375pt x 461.725pt>
File: ./fig/Make3D/image/8.jpg Graphic file (type jpg)

<use ./fig/Make3D/image/8.jpg>
Package pdftex.def Info: ./fig/Make3D/image/8.jpg used on input line 267.
(pdftex.def)             Requested size: 59.62032pt x 79.49265pt.

<./fig/Make3D/image/81.jpg, id=167, 346.29375pt x 461.725pt>
File: ./fig/Make3D/image/81.jpg Graphic file (type jpg)

<use ./fig/Make3D/image/81.jpg>
Package pdftex.def Info: ./fig/Make3D/image/81.jpg used on input line 267.
(pdftex.def)             Requested size: 59.62032pt x 79.49265pt.

<./fig/Make3D/image/5.jpg, id=168, 346.29375pt x 461.725pt>
File: ./fig/Make3D/image/5.jpg Graphic file (type jpg)

<use ./fig/Make3D/image/5.jpg>
Package pdftex.def Info: ./fig/Make3D/image/5.jpg used on input line 267.
(pdftex.def)             Requested size: 59.62032pt x 79.49265pt.

<./fig/Make3D/gt/58.png, id=169, 346.29375pt x 461.725pt>
File: ./fig/Make3D/gt/58.png Graphic file (type png)

<use ./fig/Make3D/gt/58.png>
Package pdftex.def Info: ./fig/Make3D/gt/58.png used on input line 267.
(pdftex.def)             Requested size: 59.62032pt x 79.49265pt.

<./fig/Make3D/gt/60.png, id=170, 346.29375pt x 461.725pt>
File: ./fig/Make3D/gt/60.png Graphic file (type png)

<use ./fig/Make3D/gt/60.png>
Package pdftex.def Info: ./fig/Make3D/gt/60.png used on input line 267.
(pdftex.def)             Requested size: 59.62032pt x 79.49265pt.

<./fig/Make3D/gt/9.png, id=171, 346.29375pt x 461.725pt>
File: ./fig/Make3D/gt/9.png Graphic file (type png)

<use ./fig/Make3D/gt/9.png>
Package pdftex.def Info: ./fig/Make3D/gt/9.png used on input line 267.
(pdftex.def)             Requested size: 59.62032pt x 79.49265pt.

<./fig/Make3D/gt/8.png, id=172, 346.29375pt x 461.725pt>
File: ./fig/Make3D/gt/8.png Graphic file (type png)

<use ./fig/Make3D/gt/8.png>
Package pdftex.def Info: ./fig/Make3D/gt/8.png used on input line 267.
(pdftex.def)             Requested size: 59.62032pt x 79.49265pt.

<./fig/Make3D/gt/81.png, id=173, 346.29375pt x 461.725pt>
File: ./fig/Make3D/gt/81.png Graphic file (type png)

<use ./fig/Make3D/gt/81.png>
Package pdftex.def Info: ./fig/Make3D/gt/81.png used on input line 267.
(pdftex.def)             Requested size: 59.62032pt x 79.49265pt.

<./fig/Make3D/gt/5.png, id=174, 346.29375pt x 461.725pt>
File: ./fig/Make3D/gt/5.png Graphic file (type png)

<use ./fig/Make3D/gt/5.png>
Package pdftex.def Info: ./fig/Make3D/gt/5.png used on input line 267.
(pdftex.def)             Requested size: 59.62032pt x 79.49265pt.

<./fig/Make3D/unary/58.png, id=175, 346.29375pt x 461.725pt>
File: ./fig/Make3D/unary/58.png Graphic file (type png)

<use ./fig/Make3D/unary/58.png>
Package pdftex.def Info: ./fig/Make3D/unary/58.png used on input line 267.
(pdftex.def)             Requested size: 59.62032pt x 79.49265pt.

<./fig/Make3D/unary/60.png, id=176, 346.29375pt x 461.725pt>
File: ./fig/Make3D/unary/60.png Graphic file (type png)

<use ./fig/Make3D/unary/60.png>
Package pdftex.def Info: ./fig/Make3D/unary/60.png used on input line 267.
(pdftex.def)             Requested size: 59.62032pt x 79.49265pt.

<./fig/Make3D/unary/9.png, id=177, 346.29375pt x 461.725pt>
File: ./fig/Make3D/unary/9.png Graphic file (type png)

<use ./fig/Make3D/unary/9.png>
Package pdftex.def Info: ./fig/Make3D/unary/9.png used on input line 267.
(pdftex.def)             Requested size: 59.62032pt x 79.49265pt.

<./fig/Make3D/unary/8.png, id=178, 346.29375pt x 461.725pt>
File: ./fig/Make3D/unary/8.png Graphic file (type png)

<use ./fig/Make3D/unary/8.png>
Package pdftex.def Info: ./fig/Make3D/unary/8.png used on input line 267.
(pdftex.def)             Requested size: 59.62032pt x 79.49265pt.

<./fig/Make3D/unary/81.png, id=179, 346.29375pt x 461.725pt>
File: ./fig/Make3D/unary/81.png Graphic file (type png)

<use ./fig/Make3D/unary/81.png>
Package pdftex.def Info: ./fig/Make3D/unary/81.png used on input line 267.
(pdftex.def)             Requested size: 59.62032pt x 79.49265pt.

<./fig/Make3D/unary/5.png, id=180, 346.29375pt x 461.725pt>
File: ./fig/Make3D/unary/5.png Graphic file (type png)

<use ./fig/Make3D/unary/5.png>
Package pdftex.def Info: ./fig/Make3D/unary/5.png used on input line 267.
(pdftex.def)             Requested size: 59.62032pt x 79.49265pt.

<./fig/Make3D/ccnf_struct_ft/58.png, id=181, 346.29375pt x 461.725pt>
File: ./fig/Make3D/ccnf_struct_ft/58.png Graphic file (type png)

<use ./fig/Make3D/ccnf_struct_ft/58.png>
Package pdftex.def Info: ./fig/Make3D/ccnf_struct_ft/58.png used on input line 
267.
(pdftex.def)             Requested size: 59.62032pt x 79.49265pt.

<./fig/Make3D/ccnf_struct_ft/60.png, id=182, 346.29375pt x 461.725pt>
File: ./fig/Make3D/ccnf_struct_ft/60.png Graphic file (type png)

<use ./fig/Make3D/ccnf_struct_ft/60.png>
Package pdftex.def Info: ./fig/Make3D/ccnf_struct_ft/60.png used on input line 
267.
(pdftex.def)             Requested size: 59.62032pt x 79.49265pt.

<./fig/Make3D/ccnf_struct_ft/9.png, id=183, 346.29375pt x 461.725pt>
File: ./fig/Make3D/ccnf_struct_ft/9.png Graphic file (type png)

<use ./fig/Make3D/ccnf_struct_ft/9.png>
Package pdftex.def Info: ./fig/Make3D/ccnf_struct_ft/9.png used on input line 2
67.
(pdftex.def)             Requested size: 59.62032pt x 79.49265pt.

<./fig/Make3D/ccnf_struct_ft/8.png, id=184, 346.29375pt x 461.725pt>
File: ./fig/Make3D/ccnf_struct_ft/8.png Graphic file (type png)

<use ./fig/Make3D/ccnf_struct_ft/8.png>
Package pdftex.def Info: ./fig/Make3D/ccnf_struct_ft/8.png used on input line 2
67.
(pdftex.def)             Requested size: 59.62032pt x 79.49265pt.

<./fig/Make3D/ccnf_struct_ft/81.png, id=185, 346.29375pt x 461.725pt>
File: ./fig/Make3D/ccnf_struct_ft/81.png Graphic file (type png)

<use ./fig/Make3D/ccnf_struct_ft/81.png>
Package pdftex.def Info: ./fig/Make3D/ccnf_struct_ft/81.png used on input line 
267.
(pdftex.def)             Requested size: 59.62032pt x 79.49265pt.

<./fig/Make3D/ccnf_struct_ft/5.png, id=186, 346.29375pt x 461.725pt>
File: ./fig/Make3D/ccnf_struct_ft/5.png Graphic file (type png)

<use ./fig/Make3D/ccnf_struct_ft/5.png>
Package pdftex.def Info: ./fig/Make3D/ccnf_struct_ft/5.png used on input line 2
67.
(pdftex.def)             Requested size: 59.62032pt x 79.49265pt.
 [6]
Underfull \vbox (badness 2486) has occurred while \output is active []


Underfull \vbox (badness 1931) has occurred while \output is active []

 [7 <./fig/NYUD2/images/3.jpg> <./fig/NYUD2/images/5.jpg> <./fig/NYUD2/images/6
.jpg> <./fig/NYUD2/images/7.jpg> <./fig/NYUD2/images/8.jpg> <./fig/NYUD2/images
/11.jpg> <./fig/NYUD2/gt/3.png (PNG copy)> <./fig/NYUD2/gt/5.png (PNG copy)> <.
/fig/NYUD2/gt/6.png (PNG copy)> <./fig/NYUD2/gt/7.png (PNG copy)> <./fig/NYUD2/
gt/8.png (PNG copy)> <./fig/NYUD2/gt/11.png (PNG copy)> <./fig/NYUD2/nips14/3.p
ng (PNG copy)> <./fig/NYUD2/nips14/5.png (PNG copy)> <./fig/NYUD2/nips14/6.png 
(PNG copy)> <./fig/NYUD2/nips14/7.png (PNG copy)> <./fig/NYUD2/nips14/8.png (PN
G copy)> <./fig/NYUD2/nips14/11.png (PNG copy)> <./fig/NYUD2/ours_ft/3.png (PNG
 copy)> <./fig/NYUD2/ours_ft/5.png (PNG copy)> <./fig/NYUD2/ours_ft/6.png (PNG 
copy)> <./fig/NYUD2/ours_ft/7.png (PNG copy)> <./fig/NYUD2/ours_ft/8.png (PNG c
opy)> <./fig/NYUD2/ours_ft/11.png (PNG copy)>])
Underfull \vbox (badness 10000) has occurred while \output is active []

 [8 <./fig/Make3D/image/58.jpg> <./fig/Make3D/image/60.jpg> <./fig/Make3D/image
/9.jpg> <./fig/Make3D/image/8.jpg> <./fig/Make3D/image/81.jpg> <./fig/Make3D/im
age/5.jpg> <./fig/Make3D/gt/58.png (PNG copy)> <./fig/Make3D/gt/60.png (PNG cop
y)> <./fig/Make3D/gt/9.png (PNG copy)> <./fig/Make3D/gt/8.png (PNG copy)> <./fi
g/Make3D/gt/81.png (PNG copy)> <./fig/Make3D/gt/5.png (PNG copy)> <./fig/Make3D
/unary/58.png (PNG copy)> <./fig/Make3D/unary/60.png (PNG copy)> <./fig/Make3D/
unary/9.png (PNG copy)> <./fig/Make3D/unary/8.png (PNG copy)> <./fig/Make3D/una
ry/81.png (PNG copy)> <./fig/Make3D/unary/5.png (PNG copy)> <./fig/Make3D/ccnf_
struct_ft/58.png (PNG copy)> <./fig/Make3D/ccnf_struct_ft/60.png (PNG copy)> <.
/fig/Make3D/ccnf_struct_ft/9.png (PNG copy)> <./fig/Make3D/ccnf_struct_ft/8.png
 (PNG copy)> <./fig/Make3D/ccnf_struct_ft/81.png (PNG copy)> <./fig/Make3D/ccnf
_struct_ft/5.png (PNG copy)>] [9

] (./supp.tex [10

] [11]
<./fig/Make3D/rmsVSspNum.pdf, id=206, 373.395pt x 275.0275pt>
File: ./fig/Make3D/rmsVSspNum.pdf Graphic file (type pdf)

<use ./fig/Make3D/rmsVSspNum.pdf>
Package pdftex.def Info: ./fig/Make3D/rmsVSspNum.pdf used on input line 199.
(pdftex.def)             Requested size: 188.80513pt x 139.1207pt.

<./fig/Make3D/timeVSspNum.pdf, id=207, 376.40625pt x 275.0275pt>
File: ./fig/Make3D/timeVSspNum.pdf Graphic file (type pdf)

<use ./fig/Make3D/timeVSspNum.pdf>
Package pdftex.def Info: ./fig/Make3D/timeVSspNum.pdf used on input line 200.
(pdftex.def)             Requested size: 188.81146pt x 139.1207pt.
) [12] [13 <./fig/Make3D/rmsVSspNum.pdf> <./fig/Make3D/timeVSspNum.pdf>] (./dra
ft.bbl
Missing character: There is no Ã in font ptmr7t!
Missing character: There is no ½ in font ptmr7t!
LaTeX Font Info:    Try loading font information for OT1+pcr on input line 112.


(/usr/share/texlive/texmf-dist/tex/latex/psnfss/ot1pcr.fd
File: ot1pcr.fd 2001/06/04 font definitions for OT1/pcr.
)) [14

] (./draft.aux)

LaTeX Warning: There were multiply-defined labels.

 ) 
Here is how much of TeX's memory you used:
 6416 strings out of 493029
 91956 string characters out of 6136234
 208038 words of memory out of 5000000
 9760 multiletter control sequences out of 15000+600000
 40669 words of font info for 100 fonts, out of 8000000 for 9000
 1141 hyphenation exceptions out of 8191
 42i,14n,39p,997b,417s stack positions out of 5000i,500n,10000p,200000b,80000s
{/usr/share/texlive/texmf-dist/fonts/enc/dvips/base/8r.enc}</usr/share/texliv
e/texmf-dist/fonts/type1/public/amsfonts/cm/cmbx10.pfb></usr/share/texlive/texm
f-dist/fonts/type1/public/amsfonts/cm/cmbx7.pfb></usr/share/texlive/texmf-dist/
fonts/type1/public/amsfonts/cm/cmbx9.pfb></usr/share/texlive/texmf-dist/fonts/t
ype1/public/amsfonts/cm/cmex10.pfb></usr/share/texlive/texmf-dist/fonts/type1/p
ublic/amsfonts/cm/cmmi10.pfb></usr/share/texlive/texmf-dist/fonts/type1/public/
amsfonts/cm/cmmi5.pfb></usr/share/texlive/texmf-dist/fonts/type1/public/amsfont
s/cm/cmmi7.pfb></usr/share/texlive/texmf-dist/fonts/type1/public/amsfonts/cm/cm
mi8.pfb></usr/share/texlive/texmf-dist/fonts/type1/public/amsfonts/cm/cmmi9.pfb
></usr/share/texlive/texmf-dist/fonts/type1/public/amsfonts/cm/cmmib10.pfb></us
r/share/texlive/texmf-dist/fonts/type1/public/amsfonts/cmextra/cmmib7.pfb></usr
/share/texlive/texmf-dist/fonts/type1/public/amsfonts/cm/cmr10.pfb></usr/share/
texlive/texmf-dist/fonts/type1/public/amsfonts/cm/cmr5.pfb></usr/share/texlive/
texmf-dist/fonts/type1/public/amsfonts/cm/cmr7.pfb></usr/share/texlive/texmf-di
st/fonts/type1/public/amsfonts/cm/cmr8.pfb></usr/share/texlive/texmf-dist/fonts
/type1/public/amsfonts/cm/cmr9.pfb></usr/share/texlive/texmf-dist/fonts/type1/p
ublic/amsfonts/cm/cmsy10.pfb></usr/share/texlive/texmf-dist/fonts/type1/public/
amsfonts/cm/cmsy6.pfb></usr/share/texlive/texmf-dist/fonts/type1/public/amsfont
s/cm/cmsy7.pfb></usr/share/texlive/texmf-dist/fonts/type1/public/amsfonts/cm/cm
sy9.pfb></usr/share/texlive/texmf-dist/fonts/type1/public/amsfonts/euler/eusm10
.pfb></usr/share/texlive/texmf-dist/fonts/type1/public/amsfonts/euler/eusm7.pfb
></usr/share/texlive/texmf-dist/fonts/type1/public/amsfonts/symbols/msbm10.pfb>
</usr/share/texlive/texmf-dist/fonts/type1/urw/courier/ucrr8a.pfb></usr/share/t
exlive/texmf-dist/fonts/type1/urw/times/utmb8a.pfb></usr/share/texlive/texmf-di
st/fonts/type1/urw/times/utmr8a.pfb></usr/share/texlive/texmf-dist/fonts/type1/
urw/times/utmri8a.pfb>
Output written on draft.pdf (14 pages, 2669182 bytes).
PDF statistics:
 315 PDF objects out of 1000 (max. 8388607)
 181 compressed objects within 2 object streams
 0 named destinations out of 1000 (max. 500000)
 261 words of extra memory for PDF output out of 10000 (max. 10000000)

