\BOOKMARK [1][-]{section.1}{.\040Introduction}{}% 1
\BOOKMARK [1][-]{section.2}{.\040Related\040Work}{}% 2
\BOOKMARK [1][-]{section.3}{.\040Deep\040Convolutional\040Neural\040Field}{}% 3
\BOOKMARK [2][-]{subsection.3.1}{.\040Theory\040and\040Architecture}{section.3}% 4
\BOOKMARK [3][-]{subsubsection.3.1.1}{Unary\040part}{subsection.3.1}% 5
\BOOKMARK [3][-]{subsubsection.3.1.2}{Pairwise\040part}{subsection.3.1}% 6
\BOOKMARK [2][-]{subsection.3.2}{.\040Implementation\040Details}{section.3}% 7
\BOOKMARK [2][-]{subsection.3.3}{.\040Experiment}{section.3}% 8
\BOOKMARK [1][-]{section.4}{.\040RGBD\040Image\040for\040Classification}{}% 9
\BOOKMARK [2][-]{subsection.4.1}{.\040Build\040RGBD\040CIFAR10\040Dataset}{section.4}% 10
\BOOKMARK [2][-]{subsection.4.2}{.\040Classification\040Task\040on\040RGBD\040CIFAR10}{section.4}% 11
\BOOKMARK [2][-]{subsection.4.3}{.\040Experiment}{section.4}% 12
\BOOKMARK [3][-]{subsubsection.4.3.1}{R\040vs\040G\040vs\040B\040vs\040D}{subsection.4.3}% 13
\BOOKMARK [3][-]{subsubsection.4.3.2}{RGB\040vs\040RGBD}{subsection.4.3}% 14
\BOOKMARK [3][-]{subsubsection.4.3.3}{CNN\040Experimentation}{subsection.4.3}% 15
\BOOKMARK [1][-]{section.5}{.\040Further\040Work}{}% 16
\BOOKMARK [2][-]{subsection.5.1}{.\040Depth\040Estimation}{section.5}% 17
\BOOKMARK [2][-]{subsection.5.2}{.\040Learning\040on\040RGBD\040Dataset}{section.5}% 18
\BOOKMARK [2][-]{subsection.5.3}{.\040Learning\040on\040RGBD\(ground-truth\)\040vs\040RGBD\(estimated\)}{section.5}% 19
\BOOKMARK [1][-]{section.6}{.\040Conclusion}{}% 20
