This is XeTeX, Version 3.14159265-2.6-0.99992 (TeX Live 2015) (preloaded format=xelatex 2015.5.24)  8 JUN 2016 03:03
entering extended mode
 restricted \write18 enabled.
 file:line:error style messages enabled.
 %&-line parsing enabled.
**egpaper_final.tex
(./egpaper_final.tex
LaTeX2e <2015/01/01>
Babel <3.9l> and hyphenation patterns for 79 languages loaded.
(/usr/local/texlive/2015/texmf-dist/tex/latex/base/article.cls
Document Class: article 2014/09/29 v1.4h Standard LaTeX document class
(/usr/local/texlive/2015/texmf-dist/tex/latex/base/size10.clo
File: size10.clo 2014/09/29 v1.4h Standard LaTeX file (size option)
)
\c@part=\count79
\c@section=\count80
\c@subsection=\count81
\c@subsubsection=\count82
\c@paragraph=\count83
\c@subparagraph=\count84
\c@figure=\count85
\c@table=\count86
\abovecaptionskip=\skip41
\belowcaptionskip=\skip42
\bibindent=\dimen102
) (./cvpr.sty (./eso-pic.sty
Package: eso-pic 2002/11/16 v1.1b eso-pic (RN)
 (./cvpr_eso.sty

LaTeX Warning: You have requested package `eso-pic',
               but the package provides `everyshi'.

Package: everyshi 2001/05/15 v3.00 EveryShipout Package (MS)
) (/usr/local/texlive/2015/texmf-dist/tex/latex/graphics/keyval.sty
Package: keyval 2014/10/28 v1.15 key=value parser (DPC)
\KV@toks@=\toks14
)) (/usr/local/texlive/2015/texmf-dist/tex/latex/tools/xspace.sty
Package: xspace 2014/10/28 v1.13 Space after command names (DPC,MH)
)
CVPR 8.5 x 11-Inch Proceedings Style `cvpr.sty'.
\@ctmp=\skip43
\@figindent=\skip44
\cvprrulerbox=\box26
\cvprrulercount=\count87
\cvprruleroffset=\dimen103
\cv@lineheight=\dimen104
\cv@boxheight=\dimen105
\cv@tmpbox=\box27
\cv@refno=\count88
\cv@tot=\count89
\cv@tmpc@=\count90
\cv@tmpc=\count91
) (/usr/local/texlive/2015/texmf-dist/tex/latex/psnfss/times.sty
Package: times 2005/04/12 PSNFSS-v9.2a (SPQR) 
) (/usr/local/texlive/2015/texmf-dist/tex/latex/graphics/epsfig.sty
Package: epsfig 1999/02/16 v1.7a (e)psfig emulation (SPQR)
 (/usr/local/texlive/2015/texmf-dist/tex/latex/graphics/graphicx.sty
Package: graphicx 2014/10/28 v1.0g Enhanced LaTeX Graphics (DPC,SPQR)
 (/usr/local/texlive/2015/texmf-dist/tex/latex/graphics/graphics.sty
Package: graphics 2014/10/28 v1.0p Standard LaTeX Graphics (DPC,SPQR)
 (/usr/local/texlive/2015/texmf-dist/tex/latex/graphics/trig.sty
Package: trig 1999/03/16 v1.09 sin cos tan (DPC)
) (/usr/local/texlive/2015/texmf-dist/tex/latex/latexconfig/graphics.cfg
File: graphics.cfg 2010/04/23 v1.9 graphics configuration of TeX Live
)
Package graphics Info: Driver file: xetex.def on input line 94.
 (/usr/local/texlive/2015/texmf-dist/tex/xelatex/xetex-def/xetex.def
File: xetex.def 2015/03/25 v4.04 LaTeX color/graphics driver for XeTeX (TeX Live/RRM/JK)
))
\Gin@req@height=\dimen106
\Gin@req@width=\dimen107
)
\epsfxsize=\dimen108
\epsfysize=\dimen109
) (/usr/local/texlive/2015/texmf-dist/tex/latex/amsmath/amsmath.sty
Package: amsmath 2013/01/14 v2.14 AMS math features
\@mathmargin=\skip45

For additional information on amsmath, use the `?' option.
(/usr/local/texlive/2015/texmf-dist/tex/latex/amsmath/amstext.sty
Package: amstext 2000/06/29 v2.01
 (/usr/local/texlive/2015/texmf-dist/tex/latex/amsmath/amsgen.sty
File: amsgen.sty 1999/11/30 v2.0
\@emptytoks=\toks15
\ex@=\dimen110
)) (/usr/local/texlive/2015/texmf-dist/tex/latex/amsmath/amsbsy.sty
Package: amsbsy 1999/11/29 v1.2d
\pmbraise@=\dimen111
) (/usr/local/texlive/2015/texmf-dist/tex/latex/amsmath/amsopn.sty
Package: amsopn 1999/12/14 v2.01 operator names
)
\inf@bad=\count92
LaTeX Info: Redefining \frac on input line 210.
\uproot@=\count93
\leftroot@=\count94
LaTeX Info: Redefining \overline on input line 306.
\classnum@=\count95
\DOTSCASE@=\count96
LaTeX Info: Redefining \ldots on input line 378.
LaTeX Info: Redefining \dots on input line 381.
LaTeX Info: Redefining \cdots on input line 466.
\Mathstrutbox@=\box28
\strutbox@=\box29
\big@size=\dimen112
LaTeX Font Info:    Redeclaring font encoding OML on input line 566.
LaTeX Font Info:    Redeclaring font encoding OMS on input line 567.
\macc@depth=\count97
\c@MaxMatrixCols=\count98
\dotsspace@=\muskip10
\c@parentequation=\count99
\dspbrk@lvl=\count100
\tag@help=\toks16
\row@=\count101
\column@=\count102
\maxfields@=\count103
\andhelp@=\toks17
\eqnshift@=\dimen113
\alignsep@=\dimen114
\tagshift@=\dimen115
\tagwidth@=\dimen116
\totwidth@=\dimen117
\lineht@=\dimen118
\@envbody=\toks18
\multlinegap=\skip46
\multlinetaggap=\skip47
\mathdisplay@stack=\toks19
LaTeX Info: Redefining \[ on input line 2665.
LaTeX Info: Redefining \] on input line 2666.
) (/usr/local/texlive/2015/texmf-dist/tex/latex/amsfonts/amssymb.sty
Package: amssymb 2013/01/14 v3.01 AMS font symbols
 (/usr/local/texlive/2015/texmf-dist/tex/latex/amsfonts/amsfonts.sty
Package: amsfonts 2013/01/14 v3.01 Basic AMSFonts support
\symAMSa=\mathgroup4
\symAMSb=\mathgroup5
LaTeX Font Info:    Overwriting math alphabet `\mathfrak' in version `bold'
(Font)                  U/euf/m/n --> U/euf/b/n on input line 106.
)) (/usr/local/texlive/2015/texmf-dist/tex/latex/enumitem/enumitem.sty
Package: enumitem 2011/09/28 v3.5.2 Customized lists
\labelindent=\skip48
\enit@outerparindent=\dimen119
\enit@toks=\toks20
\enit@inbox=\box30
\enitdp@description=\count104
) (/usr/local/texlive/2015/texmf-dist/tex/latex/multirow/multirow.sty
\bigstrutjot=\dimen120
) (/usr/local/texlive/2015/texmf-dist/tex/latex/biblatex/biblatex.sty
Package: biblatex 2015/04/19 v3.0 programmable bibliographies (PK/JW/AB)


Package biblatex Warning: No "backend" specified, using Biber backend.
(biblatex)                To use BibTeX, load biblatex with 
(biblatex)                the "backend=bibtex" option.

(/usr/local/texlive/2015/texmf-dist/tex/latex/biblatex/biblatex2.sty
Package: biblatex2 2015/04/19 v3.0 programmable bibliographies (biber) (PK/JW/AB)
 (/usr/local/texlive/2015/texmf-dist/tex/latex/etoolbox/etoolbox.sty
Package: etoolbox 2015/05/04 v2.2 e-TeX tools for LaTeX (JAW)
\etb@tempcnta=\count105
) (/usr/local/texlive/2015/texmf-dist/tex/latex/oberdiek/kvoptions.sty
Package: kvoptions 2011/06/30 v3.11 Key value format for package options (HO)
 (/usr/local/texlive/2015/texmf-dist/tex/generic/oberdiek/ltxcmds.sty
Package: ltxcmds 2011/11/09 v1.22 LaTeX kernel commands for general use (HO)
) (/usr/local/texlive/2015/texmf-dist/tex/generic/oberdiek/kvsetkeys.sty
Package: kvsetkeys 2012/04/25 v1.16 Key value parser (HO)
 (/usr/local/texlive/2015/texmf-dist/tex/generic/oberdiek/infwarerr.sty
Package: infwarerr 2010/04/08 v1.3 Providing info/warning/error messages (HO)
) (/usr/local/texlive/2015/texmf-dist/tex/generic/oberdiek/etexcmds.sty
Package: etexcmds 2011/02/16 v1.5 Avoid name clashes with e-TeX commands (HO)
 (/usr/local/texlive/2015/texmf-dist/tex/generic/oberdiek/ifluatex.sty
Package: ifluatex 2010/03/01 v1.3 Provides the ifluatex switch (HO)
Package ifluatex Info: LuaTeX not detected.
)
Package etexcmds Info: Could not find \expanded.
(etexcmds)             That can mean that you are not using pdfTeX 1.50 or
(etexcmds)             that some package has redefined \expanded.
(etexcmds)             In the latter case, load this package earlier.
))) (/usr/local/texlive/2015/texmf-dist/tex/latex/logreq/logreq.sty
Package: logreq 2010/08/04 v1.0 xml request logger
\lrq@indent=\count106
 (/usr/local/texlive/2015/texmf-dist/tex/latex/logreq/logreq.def
File: logreq.def 2010/08/04 v1.0 logreq spec v1.0
)) (/usr/local/texlive/2015/texmf-dist/tex/latex/base/ifthen.sty
Package: ifthen 2014/09/29 v1.1c Standard LaTeX ifthen package (DPC)
) (/usr/local/texlive/2015/texmf-dist/tex/latex/url/url.sty
\Urlmuskip=\muskip11
Package: url 2013/09/16  ver 3.4  Verb mode for urls, etc.
)
\c@tabx@nest=\count107
\c@listtotal=\count108
\c@listcount=\count109
\c@liststart=\count110
\c@liststop=\count111
\c@citecount=\count112
\c@citetotal=\count113
\c@multicitecount=\count114
\c@multicitetotal=\count115
\c@instcount=\count116
\c@maxnames=\count117
\c@minnames=\count118
\c@maxitems=\count119
\c@minitems=\count120
\c@citecounter=\count121
\c@savedcitecounter=\count122
\c@uniquelist=\count123
\c@uniquename=\count124
\c@refsection=\count125
\c@refsegment=\count126
\c@maxextratitle=\count127
\c@maxextratitleyear=\count128
\c@maxextrayear=\count129
\c@maxextraalpha=\count130
\c@abbrvpenalty=\count131
\c@highnamepenalty=\count132
\c@lownamepenalty=\count133
\c@maxparens=\count134
\c@parenlevel=\count135
\blx@tempcnta=\count136
\blx@tempcntb=\count137
\blx@tempcntc=\count138
\blx@maxsection=\count139
\blx@maxsegment@0=\count140
\blx@notetype=\count141
\blx@parenlevel@text=\count142
\blx@parenlevel@foot=\count143
\blx@sectionciteorder@0=\count144
\labelnumberwidth=\skip49
\labelalphawidth=\skip50
\biblabelsep=\skip51
\bibitemsep=\skip52
\bibnamesep=\skip53
\bibinitsep=\skip54
\bibparsep=\skip55
\bibhang=\skip56
\blx@bcfin=\read1
\blx@bcfout=\write3
\c@mincomprange=\count145
\c@maxcomprange=\count146
\c@mincompwidth=\count147
Package biblatex Info: Trying to load biblatex default data model...
Package biblatex Info: ... file 'blx-dm.def' found.
 (/usr/local/texlive/2015/texmf-dist/tex/latex/biblatex/blx-dm.def)
Package biblatex Info: Trying to load biblatex style data model...
Package biblatex Info: ... file 'ieee.dbx' not found.
Package biblatex Info: Trying to load biblatex custom data model...
Package biblatex Info: ... file 'biblatex-dm.cfg' not found.
\c@afterword=\count148
\c@savedafterword=\count149
\c@annotator=\count150
\c@savedannotator=\count151
\c@author=\count152
\c@savedauthor=\count153
\c@bookauthor=\count154
\c@savedbookauthor=\count155
\c@commentator=\count156
\c@savedcommentator=\count157
\c@editor=\count158
\c@savededitor=\count159
\c@editora=\count160
\c@savededitora=\count161
\c@editorb=\count162
\c@savededitorb=\count163
\c@editorc=\count164
\c@savededitorc=\count165
\c@foreword=\count166
\c@savedforeword=\count167
\c@holder=\count168
\c@savedholder=\count169
\c@introduction=\count170
\c@savedintroduction=\count171
\c@namea=\count172
\c@savednamea=\count173
\c@nameb=\count174
\c@savednameb=\count175
\c@namec=\count176
\c@savednamec=\count177
\c@translator=\count178
\c@savedtranslator=\count179
\c@shortauthor=\count180
\c@savedshortauthor=\count181
\c@shorteditor=\count182
\c@savedshorteditor=\count183
\c@labelname=\count184
\c@savedlabelname=\count185
\c@institution=\count186
\c@savedinstitution=\count187
\c@lista=\count188
\c@savedlista=\count189
\c@listb=\count190
\c@savedlistb=\count191
\c@listc=\count192
\c@savedlistc=\count193
\c@listd=\count194
\c@savedlistd=\count195
\c@liste=\count196
\c@savedliste=\count197
\c@listf=\count198
\c@savedlistf=\count199
\c@location=\count200
\c@savedlocation=\count201
\c@organization=\count202
\c@savedorganization=\count203
\c@origlocation=\count204
\c@savedoriglocation=\count205
\c@origpublisher=\count206
\c@savedorigpublisher=\count207
\c@publisher=\count208
\c@savedpublisher=\count209
\c@language=\count210
\c@savedlanguage=\count211
\c@pageref=\count212
\c@savedpageref=\count213
\shorthandwidth=\skip57
\shortjournalwidth=\skip58
\shortserieswidth=\skip59
\shorttitlewidth=\skip60
\shortauthorwidth=\skip61
\shorteditorwidth=\skip62
Package biblatex Info: Trying to load compatibility code...
Package biblatex Info: ... file 'blx-compat.def' found.
 (/usr/local/texlive/2015/texmf-dist/tex/latex/biblatex/blx-compat.def
File: blx-compat.def 2015/04/19 v3.0 biblatex compatibility (PK/JW/AB)
)
Package biblatex Info: Trying to load generic definitions...
Package biblatex Info: ... file 'biblatex.def' found.
 (/usr/local/texlive/2015/texmf-dist/tex/latex/biblatex/biblatex.def
File: biblatex.def 
\c@textcitecount=\count214
\c@textcitetotal=\count215
\c@textcitemaxnames=\count216
\c@biburlnumpenalty=\count217
\c@biburlucpenalty=\count218
\c@biburllcpenalty=\count219
\c@smartand=\count220
)
Package biblatex Info: Trying to load bibliography style 'ieee'...
Package biblatex Info: ... file 'ieee.bbx' found.
 (/usr/local/texlive/2015/texmf-dist/tex/latex/biblatex-ieee/ieee.bbx
File: ieee.bbx 2015/03/12 v1.1k biblatex bibliography style
Package biblatex Info: Trying to load bibliography style 'numeric-comp'...
Package biblatex Info: ... file 'numeric-comp.bbx' found.
 (/usr/local/texlive/2015/texmf-dist/tex/latex/biblatex/bbx/numeric-comp.bbx
File: numeric-comp.bbx 2015/04/19 v3.0 biblatex bibliography style (PK/JW/AB)
Package biblatex Info: Trying to load bibliography style 'numeric'...
Package biblatex Info: ... file 'numeric.bbx' found.
 (/usr/local/texlive/2015/texmf-dist/tex/latex/biblatex/bbx/numeric.bbx
File: numeric.bbx 2015/04/19 v3.0 biblatex bibliography style (PK/JW/AB)
Package biblatex Info: Trying to load bibliography style 'standard'...
Package biblatex Info: ... file 'standard.bbx' found.
 (/usr/local/texlive/2015/texmf-dist/tex/latex/biblatex/bbx/standard.bbx
File: standard.bbx 2015/04/19 v3.0 biblatex bibliography style (PK/JW/AB)
\c@bbx:relatedcount=\count221
\c@bbx:relatedtotal=\count222
))))
Package biblatex Info: Trying to load citation style 'ieee'...
Package biblatex Info: ... file 'ieee.cbx' found.
 (/usr/local/texlive/2015/texmf-dist/tex/latex/biblatex-ieee/ieee.cbx
File: ieee.cbx 2015/03/12 v1.1k biblatex citation style
Package biblatex Info: Trying to load citation style 'numeric-comp'...
Package biblatex Info: ... file 'numeric-comp.cbx' found.
 (/usr/local/texlive/2015/texmf-dist/tex/latex/biblatex/cbx/numeric-comp.cbx
File: numeric-comp.cbx 2015/04/19 v3.0 biblatex citation style (PK/JW/AB)
\c@cbx@tempcnta=\count223
\c@cbx@tempcntb=\count224
Package biblatex Info: Redefining '\cite'.
Package biblatex Info: Redefining '\parencite'.
Package biblatex Info: Redefining '\footcite'.
Package biblatex Info: Redefining '\footcitetext'.
Package biblatex Info: Redefining '\smartcite'.
Package biblatex Info: Redefining '\supercite'.
Package biblatex Info: Redefining '\textcite'.
Package biblatex Info: Redefining '\textcites'.
Package biblatex Info: Redefining '\cites'.
Package biblatex Info: Redefining '\parencites'.
Package biblatex Info: Redefining '\smartcites'.
)
Package biblatex Info: Redefining '\cite'.
Package biblatex Info: Redefining '\cites'.
)
Package biblatex Info: Trying to load configuration file...
Package biblatex Info: ... file 'biblatex.cfg' found.
 (/usr/local/texlive/2015/texmf-dist/tex/latex/biblatex/biblatex.cfg
File: biblatex.cfg 
))) (/usr/local/texlive/2015/texmf-dist/tex/latex/hyperref/hyperref.sty
Package: hyperref 2012/11/06 v6.83m Hypertext links for LaTeX
 (/usr/local/texlive/2015/texmf-dist/tex/generic/oberdiek/hobsub-hyperref.sty
Package: hobsub-hyperref 2012/05/28 v1.13 Bundle oberdiek, subset hyperref (HO)
 (/usr/local/texlive/2015/texmf-dist/tex/generic/oberdiek/hobsub-generic.sty
Package: hobsub-generic 2012/05/28 v1.13 Bundle oberdiek, subset generic (HO)
Package: hobsub 2012/05/28 v1.13 Construct package bundles (HO)
Package hobsub Info: Skipping package `infwarerr' (already loaded).
Package hobsub Info: Skipping package `ltxcmds' (already loaded).
Package hobsub Info: Skipping package `ifluatex' (already loaded).
Package: ifvtex 2010/03/01 v1.5 Detect VTeX and its facilities (HO)
Package ifvtex Info: VTeX not detected.
Package: intcalc 2007/09/27 v1.1 Expandable calculations with integers (HO)
Package: ifpdf 2011/01/30 v2.3 Provides the ifpdf switch (HO)
Package ifpdf Info: pdfTeX in PDF mode is not detected.
Package hobsub Info: Skipping package `etexcmds' (already loaded).
Package hobsub Info: Skipping package `kvsetkeys' (already loaded).
Package: kvdefinekeys 2011/04/07 v1.3 Define keys (HO)
Package: pdftexcmds 2011/11/29 v0.20 Utility functions of pdfTeX for LuaTeX (HO)
Package pdftexcmds Info: LuaTeX not detected.
Package pdftexcmds Info: pdfTeX >= 1.30 not detected.
Package pdftexcmds Info: \pdf@primitive is available.
Package pdftexcmds Info: \pdf@ifprimitive is available.
Package pdftexcmds Info: \pdfdraftmode not found.
Package: pdfescape 2011/11/25 v1.13 Implements pdfTeX's escape features (HO)
Package: bigintcalc 2012/04/08 v1.3 Expandable calculations on big integers (HO)
Package: bitset 2011/01/30 v1.1 Handle bit-vector datatype (HO)
Package: uniquecounter 2011/01/30 v1.2 Provide unlimited unique counter (HO)
)
Package hobsub Info: Skipping package `hobsub' (already loaded).
Package: letltxmacro 2010/09/02 v1.4 Let assignment for LaTeX macros (HO)
Package: hopatch 2012/05/28 v1.2 Wrapper for package hooks (HO)
Package: xcolor-patch 2011/01/30 xcolor patch
Package: atveryend 2011/06/30 v1.8 Hooks at the very end of document (HO)
Package: atbegshi 2011/10/05 v1.16 At begin shipout hook (HO)
Package: refcount 2011/10/16 v3.4 Data extraction from label references (HO)
Package: hycolor 2011/01/30 v1.7 Color options for hyperref/bookmark (HO)
) (/usr/local/texlive/2015/texmf-dist/tex/generic/ifxetex/ifxetex.sty
Package: ifxetex 2010/09/12 v0.6 Provides ifxetex conditional
) (/usr/local/texlive/2015/texmf-dist/tex/latex/oberdiek/auxhook.sty
Package: auxhook 2011/03/04 v1.3 Hooks for auxiliary files (HO)
)
\@linkdim=\dimen121
\Hy@linkcounter=\count225
\Hy@pagecounter=\count226
 (/usr/local/texlive/2015/texmf-dist/tex/latex/hyperref/pd1enc.def
File: pd1enc.def 2012/11/06 v6.83m Hyperref: PDFDocEncoding definition (HO)
)
\Hy@SavedSpaceFactor=\count227
 (/usr/local/texlive/2015/texmf-dist/tex/latex/latexconfig/hyperref.cfg
File: hyperref.cfg 2002/06/06 v1.2 hyperref configuration of TeXLive
)
Package hyperref Info: Option `breaklinks' set `true' on input line 4319.
Package hyperref Info: Option `bookmarks' set `true' on input line 4319.
Package hyperref Info: Hyper figures OFF on input line 4443.
Package hyperref Info: Link nesting OFF on input line 4448.
Package hyperref Info: Hyper index ON on input line 4451.
Package hyperref Info: Plain pages OFF on input line 4458.
Package hyperref Info: Backreferencing OFF on input line 4463.
Package hyperref Info: Implicit mode ON; LaTeX internals redefined.
Package hyperref Info: Bookmarks ON on input line 4688.
\c@Hy@tempcnt=\count228
LaTeX Info: Redefining \url on input line 5041.
\XeTeXLinkMargin=\dimen122
\Fld@menulength=\count229
\Field@Width=\dimen123
\Fld@charsize=\dimen124
Package hyperref Info: Hyper figures OFF on input line 6295.
Package hyperref Info: Link nesting OFF on input line 6300.
Package hyperref Info: Hyper index ON on input line 6303.
Package hyperref Info: backreferencing OFF on input line 6310.
Package hyperref Info: Link coloring OFF on input line 6315.
Package hyperref Info: Link coloring with OCG OFF on input line 6320.
Package hyperref Info: PDF/A mode OFF on input line 6325.
LaTeX Info: Redefining \ref on input line 6365.
LaTeX Info: Redefining \pageref on input line 6369.
\Hy@abspage=\count230
\c@Item=\count231
\c@Hfootnote=\count232
)

Package hyperref Message: Driver (autodetected): hxetex.

(/usr/local/texlive/2015/texmf-dist/tex/latex/hyperref/hxetex.def
File: hxetex.def 2012/11/06 v6.83m Hyperref driver for XeTeX
 (/usr/local/texlive/2015/texmf-dist/tex/latex/hyperref/puenc.def
File: puenc.def 2012/11/06 v6.83m Hyperref: PDF Unicode definition (HO)
) (/usr/local/texlive/2015/texmf-dist/tex/generic/oberdiek/stringenc.sty
Package: stringenc 2011/12/02 v1.10 Convert strings between diff. encodings (HO)
)
\pdfm@box=\box31
\c@Hy@AnnotLevel=\count233
\HyField@AnnotCount=\count266
\Fld@listcount=\count267
\c@bookmark@seq@number=\count268
 (/usr/local/texlive/2015/texmf-dist/tex/latex/oberdiek/rerunfilecheck.sty
Package: rerunfilecheck 2011/04/15 v1.7 Rerun checks for auxiliary files (HO)
Package rerunfilecheck Info: Feature \pdfmdfivesum is not available
(rerunfilecheck)             (e.g. pdfTeX or LuaTeX with package `pdftexcmds').
(rerunfilecheck)             Therefore file contents cannot be checked efficiently
(rerunfilecheck)             and the loading of the package is aborted.
)
\Hy@SectionHShift=\skip63
)
Package biblatex Info: Trying to load language 'english'...
Package biblatex Info: ... file 'english.lbx' found.
 (/usr/local/texlive/2015/texmf-dist/tex/latex/biblatex/lbx/english.lbx
File: english.lbx 2015/04/19 v3.0 biblatex localization (PK/JW/AB)
)
\@quotelevel=\count269
\@quotereset=\count270
 (/Users/metehan/CS/CS291K/Depth-estimation-with-neural-network/latex/.texpadtmp/egpaper_final.aux

LaTeX Warning: Label `fig:mixtest' multiply defined.


LaTeX Warning: Label `fig:mixtest' multiply defined.


LaTeX Warning: Label `fig:mixtest' multiply defined.

)
\openout1 = `egpaper_final.aux'.

LaTeX Font Info:    Checking defaults for OML/cmm/m/it on input line 29.
LaTeX Font Info:    ... okay on input line 29.
LaTeX Font Info:    Checking defaults for T1/cmr/m/n on input line 29.
LaTeX Font Info:    ... okay on input line 29.
LaTeX Font Info:    Checking defaults for OT1/cmr/m/n on input line 29.
LaTeX Font Info:    ... okay on input line 29.
LaTeX Font Info:    Checking defaults for OMS/cmsy/m/n on input line 29.
LaTeX Font Info:    ... okay on input line 29.
LaTeX Font Info:    Checking defaults for OMX/cmex/m/n on input line 29.
LaTeX Font Info:    ... okay on input line 29.
LaTeX Font Info:    Checking defaults for U/cmr/m/n on input line 29.
LaTeX Font Info:    ... okay on input line 29.
LaTeX Font Info:    Checking defaults for PD1/pdf/m/n on input line 29.
LaTeX Font Info:    ... okay on input line 29.
LaTeX Font Info:    Checking defaults for PU/pdf/m/n on input line 29.
LaTeX Font Info:    ... okay on input line 29.
LaTeX Font Info:    Try loading font information for OT1+ptm on input line 29.
 (/usr/local/texlive/2015/texmf-dist/tex/latex/psnfss/ot1ptm.fd
File: ot1ptm.fd 2001/06/04 font definitions for OT1/ptm.
) ABD: EveryShipout initializing macros (/usr/local/texlive/2015/texmf-dist/tex/latex/graphics/color.sty
Package: color 2014/10/28 v1.1a Standard LaTeX Color (DPC)
 (/usr/local/texlive/2015/texmf-dist/tex/latex/latexconfig/color.cfg
File: color.cfg 2007/01/18 v1.5 color configuration of teTeX/TeXLive
)
Package color Info: Driver file: xetex.def on input line 142.
)
Package biblatex Info: XeTeX detected.
(biblatex)             Assuming input encoding 'utf8'.
Package biblatex Info: Automatic encoding selection.
(biblatex)             Assuming data encoding 'utf8'.
\openout3 = `egpaper_final.bcf'.

Package biblatex Info: Trying to load bibliographic data...
Package biblatex Info: ... file 'egpaper_final.bbl' found.
 (/Users/metehan/CS/CS291K/Depth-estimation-with-neural-network/latex/.texpadtmp/egpaper_final.bbl)
Package biblatex Info: Reference section=0 on input line 29.
Package biblatex Info: Reference segment=0 on input line 29.
\AtBeginShipoutBox=\box32
Package atbegshi Info: Package `everyshi' patched.
Package hyperref Info: Link coloring OFF on input line 29.
 (/usr/local/texlive/2015/texmf-dist/tex/latex/hyperref/nameref.sty
Package: nameref 2012/10/27 v2.43 Cross-referencing by name of section
 (/usr/local/texlive/2015/texmf-dist/tex/generic/oberdiek/gettitlestring.sty
Package: gettitlestring 2010/12/03 v1.4 Cleanup title references (HO)
)
\c@section@level=\count271
)
LaTeX Info: Redefining \ref on input line 29.
LaTeX Info: Redefining \pageref on input line 29.
LaTeX Info: Redefining \nameref on input line 29.
 (/Users/metehan/CS/CS291K/Depth-estimation-with-neural-network/latex/.texpadtmp/egpaper_final.out) (/Users/metehan/CS/CS291K/Depth-estimation-with-neural-network/latex/.texpadtmp/egpaper_final.out)
\@outlinefile=\write4
\openout4 = `egpaper_final.out'.

LaTeX Font Info:    Font shape `OT1/ptm/bx/n' in size <14.4> not available
(Font)              Font shape `OT1/ptm/b/n' tried instead on input line 56.
LaTeX Font Info:    Try loading font information for U+msa on input line 56.
 (/usr/local/texlive/2015/texmf-dist/tex/latex/amsfonts/umsa.fd
File: umsa.fd 2013/01/14 v3.01 AMS symbols A
)
LaTeX Font Info:    Try loading font information for U+msb on input line 56.
 (/usr/local/texlive/2015/texmf-dist/tex/latex/amsfonts/umsb.fd
File: umsb.fd 2013/01/14 v3.01 AMS symbols B
)
LaTeX Font Info:    Try loading font information for OMS+ptm on input line 56.
 (/usr/local/texlive/2015/texmf-dist/tex/latex/psnfss/omsptm.fd
File: omsptm.fd 
)
LaTeX Font Info:    Font shape `OMS/ptm/m/n' in size <10> not available
(Font)              Font shape `OMS/cmsy/m/n' tried instead on input line 56.
LaTeX Font Info:    Font shape `OMS/ptm/m/n' in size <8> not available
(Font)              Font shape `OMS/cmsy/m/n' tried instead on input line 56.
LaTeX Font Info:    Try loading font information for OT1+pcr on input line 56.
 (/usr/local/texlive/2015/texmf-dist/tex/latex/psnfss/ot1pcr.fd
File: ot1pcr.fd 2001/06/04 font definitions for OT1/pcr.
)
LaTeX Font Info:    Font shape `OMS/ptm/m/n' in size <6> not available
(Font)              Font shape `OMS/cmsy/m/n' tried instead on input line 56.
LaTeX Font Info:    Font shape `OT1/ptm/bx/n' in size <12> not available
(Font)              Font shape `OT1/ptm/b/n' tried instead on input line 58.


Package hyperref Warning: Token not allowed in a PDF string (Unicode):
(hyperref)                \kern -10.0pt
(hyperref)                removed on input line 76.

(/usr/local/texlive/2015/texmf-dist/tex/generic/oberdiek/se-ascii-print.def
File: se-ascii-print.def 2011/12/02 v1.10 stringenc: Printable ASCII characters
)

Package hyperref Warning: Token not allowed in a PDF string (Unicode):
(hyperref)                \kern -10.0pt
(hyperref)                removed on input line 118.

[1


]

Package hyperref Warning: Token not allowed in a PDF string (Unicode):
(hyperref)                \kern -10.0pt
(hyperref)                removed on input line 141.


Package hyperref Warning: Token not allowed in a PDF string (Unicode):
(hyperref)                \kern -10.0pt
(hyperref)                removed on input line 144.

File: ../presentation/arch.png Graphic file (type QTm)
<use  "../presentation/arch.png" >
File: ../presentation/fig/cnn_unary.pdf Graphic file (type QTm)
 <use  "../presentation/fig/cnn_unary.pdf" >
LaTeX Font Info:    Font shape `OT1/ptm/bx/n' in size <10> not available
(Font)              Font shape `OT1/ptm/b/n' tried instead on input line 200.
Missing character: There is no × in font ptmr7t!

Underfull \hbox (badness 2573) in paragraph at lines 204--214
\OT1/ptm/m/n/10 Here $[]$ is the re-gressed depth of the su-per-pixel $\OML/cmm/m/it/10 p$
 []

[2]

Package hyperref Warning: Token not allowed in a PDF string (Unicode):
(hyperref)                \kern -10.0pt
(hyperref)                removed on input line 228.

Missing character: There is no ∼ in font ptmr7t!

Package hyperref Warning: Token not allowed in a PDF string (Unicode):
(hyperref)                \kern -10.0pt
(hyperref)                removed on input line 244.

LaTeX Font Info:    Font shape `OT1/ptm/bx/n' in size <9> not available
(Font)              Font shape `OT1/ptm/b/n' tried instead on input line 277.
File: ../learntd.png Graphic file (type QTm)
<use  "../learntd.png" >

Package hyperref Warning: Token not allowed in a PDF string (Unicode):
(hyperref)                \kern -10.0pt
(hyperref)                removed on input line 289.

[3]

Package hyperref Warning: Token not allowed in a PDF string (Unicode):
(hyperref)                \kern -10.0pt
(hyperref)                removed on input line 302.


Underfull \hbox (badness 3690) in paragraph at lines 306--308
[]\OT1/ptm/m/n/10 resize CI-FAR10 tiny im-age(32x32x3) to nor-mal
 []

File: ../dataset.png Graphic file (type QTm)
<use  "../dataset.png" >
File: ../tiny.png Graphic file (type QTm)
 <use  "../tiny.png" >

Package hyperref Warning: Token not allowed in a PDF string (Unicode):
(hyperref)                \kern -10.0pt
(hyperref)                removed on input line 333.

File: ../Tarch.png Graphic file (type QTm)
<use  "../Tarch.png" >

Package hyperref Warning: Token not allowed in a PDF string (Unicode):
(hyperref)                \kern -10.0pt
(hyperref)                removed on input line 363.

File: ../presentation/train.eps Graphic file (type eps)
<../presentation/train.eps>
File: ../presentation/test.eps Graphic file (type eps)
 <../presentation/test.eps> [4]
File: ../presentation/together_train.eps Graphic file (type eps)
 <../presentation/together_train.eps>
File: ../presentation/together_test.eps Graphic file (type eps)
 <../presentation/together_test.eps> [5]
File: ../presentation/test_conv.png Graphic file (type QTm)
 <use  "../presentation/test_conv.png" >
File: ../presentation/rgb_cnn.png Graphic file (type QTm)
 <use  "../presentation/rgb_cnn.png" >
File: ../presentation/rgbd_cnn.png Graphic file (type QTm)
 <use  "../presentation/rgbd_cnn.png" >

Package hyperref Warning: Token not allowed in a PDF string (Unicode):
(hyperref)                \kern -10.0pt
(hyperref)                removed on input line 437.


Package hyperref Warning: Token not allowed in a PDF string (Unicode):
(hyperref)                \kern -10.0pt
(hyperref)                removed on input line 438.


Underfull \vbox (badness 10000) has occurred while \output is active []



Package hyperref Warning: Token not allowed in a PDF string (Unicode):
(hyperref)                \kern -10.0pt
(hyperref)                removed on input line 447.


Underfull \hbox (badness 10000) in paragraph at lines 454--454
[] \elvbf . Learn-ing on RGBD(ground-truth) vs
 []


Package hyperref Warning: Token not allowed in a PDF string (Unicode):
(hyperref)                \kern -10.0pt
(hyperref)                removed on input line 454.


Package hyperref Warning: Token not allowed in a PDF string (Unicode):
(hyperref)                \kern -10.0pt
(hyperref)                removed on input line 458.


Underfull \hbox (badness 4621) in paragraph at lines 459--466
[]\OT1/ptm/m/n/10 We suc-cess-fully reim-ple-mented the state-of-the-art
 []

[6]
Missing character: There is no ı in font ptmr7t!
Missing character: There is no ́ in font ptmr7t!
Missing character: There is no é in font ptmr7t!
Missing character: There is no é in font ptmr7t!

Underfull \hbox (badness 2932) in paragraph at lines 488--488
[]\OT1/ptm/m/n/10 M. Liu, M. Salz-mann, and X. He, ``Discrete-
 []

Package atveryend Info: Empty hook `BeforeClearDocument' on input line 490.
[7]
Package atveryend Info: Empty hook `AfterLastShipout' on input line 490.
 (/Users/metehan/CS/CS291K/Depth-estimation-with-neural-network/latex/.texpadtmp/egpaper_final.aux)
Package atveryend Info: Empty hook `AtVeryEndDocument' on input line 490.
Package atveryend Info: Empty hook `AtEndAfterFileList' on input line 490.


LaTeX Warning: There were multiply-defined labels.

Package logreq Info: Writing requests to 'egpaper_final.run.xml'.
\openout1 = `egpaper_final.run.xml'.

 ) 
Here is how much of TeX's memory you used:
 14983 strings out of 493706
 232237 string characters out of 6145769
 654341 words of memory out of 5000000
 18146 multiletter control sequences out of 15000+600000
 19401 words of font info for 63 fonts, out of 8000000 for 9000
 1328 hyphenation exceptions out of 8191
 44i,13n,49p,848b,1068s stack positions out of 5000i,500n,10000p,200000b,80000s

Output written on /Users/metehan/CS/CS291K/Depth-estimation-with-neural-network/latex/.texpadtmp/egpaper_final.pdf (7 pages).
